2025-01-31 21:43:08.202 [info] Extension host with pid 1947 started
2025-01-31 21:43:08.216 [info] Lock '/home/student/.vscode-server/data/User/workspaceStorage/f21b5a8cedd66727cd298a5fb4fc6aaa/vscode.lock': Lock acquired.
2025-01-31 21:43:08.320 [info] Eager extensions activated
2025-01-31 21:44:49.143 [info] ExtensionService#_doActivateExtension vscode.debug-auto-launch, startup: false, activationEvent: 'onStartupFinished'
2025-01-31 21:44:49.144 [info] ExtensionService#_doActivateExtension vscode.git-base, startup: false, activationEvent: '*', root cause: vscode.git
2025-01-31 21:44:49.144 [info] ExtensionService#_doActivateExtension vscode.merge-conflict, startup: false, activationEvent: 'onStartupFinished'
2025-01-31 21:44:49.298 [info] ExtensionService#_doActivateExtension vscode.git, startup: false, activationEvent: '*'
2025-01-31 21:44:49.299 [info] ExtensionService#_doActivateExtension vscode.github, startup: false, activationEvent: '*'
2025-01-31 21:44:55.646 [info] ExtensionService#_doActivateExtension vscode.emmet, startup: false, activationEvent: 'onLanguage'
2025-01-31 21:50:55.753 [warning] [Decorations] CAPPING events from decorations provider vscode.git 1576
2025-01-31 21:50:56.236 [warning] [Decorations] CAPPING events from decorations provider vscode.git 1576
2025-01-31 21:51:01.535 [warning] [Decorations] CAPPING events from decorations provider vscode.git 1576
2025-01-31 21:51:02.543 [error] Error: Failed to execute git
	at t.Git._exec (/home/student/.vscode-server/cli/servers/Stable-cd4ee3b1c348a13bafd8f9ad8060705f6d4b9cba/server/extensions/git/dist/main.js:2:929600)
	at process.processTicksAndRejections (node:internal/process/task_queues:95:5)
	at async t.Git.exec (/home/student/.vscode-server/cli/servers/Stable-cd4ee3b1c348a13bafd8f9ad8060705f6d4b9cba/server/extensions/git/dist/main.js:2:928668)
	at async W.exec (/home/student/.vscode-server/cli/servers/Stable-cd4ee3b1c348a13bafd8f9ad8060705f6d4b9cba/server/extensions/git/dist/main.js:2:934196)
	at async W.handleCommitError (/home/student/.vscode-server/cli/servers/Stable-cd4ee3b1c348a13bafd8f9ad8060705f6d4b9cba/server/extensions/git/dist/main.js:2:942181)
	at async W.commit (/home/student/.vscode-server/cli/servers/Stable-cd4ee3b1c348a13bafd8f9ad8060705f6d4b9cba/server/extensions/git/dist/main.js:2:941691)
	at async /home/student/.vscode-server/cli/servers/Stable-cd4ee3b1c348a13bafd8f9ad8060705f6d4b9cba/server/extensions/git/dist/main.js:2:1044213
	at async O.retryRun (/home/student/.vscode-server/cli/servers/Stable-cd4ee3b1c348a13bafd8f9ad8060705f6d4b9cba/server/extensions/git/dist/main.js:2:1059439)
	at async O.run (/home/student/.vscode-server/cli/servers/Stable-cd4ee3b1c348a13bafd8f9ad8060705f6d4b9cba/server/extensions/git/dist/main.js:2:1059043)
	at async O.commit (/home/student/.vscode-server/cli/servers/Stable-cd4ee3b1c348a13bafd8f9ad8060705f6d4b9cba/server/extensions/git/dist/main.js:2:1043895)
	at async /home/student/.vscode-server/cli/servers/Stable-cd4ee3b1c348a13bafd8f9ad8060705f6d4b9cba/server/extensions/github/dist/extension.js:2:317836
2025-01-31 21:51:02.843 [warning] [Decorations] CAPPING events from decorations provider vscode.git 1576
2025-01-31 21:54:59.302 [warning] [Decorations] CAPPING events from decorations provider vscode.git 1576
2025-01-31 21:55:00.606 [warning] [Decorations] CAPPING events from decorations provider vscode.git 1576
