2025-02-07 20:47:31.051 [info] [main] Log level: Info
2025-02-07 20:47:31.051 [info] [main] Validating found git in: "git"
2025-02-07 20:47:31.051 [info] [main] Using git "2.34.1" from "git"
2025-02-07 20:47:31.051 [info] [Model][doInitialScan] Initial repository scan started
2025-02-07 20:47:31.051 [info] > git rev-parse --show-toplevel [39ms]
2025-02-07 20:47:31.051 [info] > git rev-parse --git-dir --git-common-dir [1ms]
2025-02-07 20:47:31.051 [info] [Model][openRepository] Opened repository: /home/student
2025-02-07 20:47:31.051 [info] > git rev-parse --show-toplevel [4ms]
2025-02-07 20:47:31.051 [info] > git config --get commit.template [9ms]
2025-02-07 20:47:31.051 [info] > git rev-parse --show-toplevel [2ms]
2025-02-07 20:47:31.051 [info] > git rev-parse --show-toplevel [1ms]
2025-02-07 20:47:31.051 [info] > git rev-parse --show-toplevel [1ms]
2025-02-07 20:47:31.051 [info] > git rev-parse --show-toplevel [1ms]
2025-02-07 20:47:31.051 [info] [Model][doInitialScan] Initial repository scan completed - repositories (1), closed repositories (0), parent repositories (0), unsafe repositories (0)
2025-02-07 20:47:31.052 [info] > git for-each-ref --format=%(refname)%00%(upstream:short)%00%(objectname)%00%(upstream:track)%00%(upstream:remotename)%00%(upstream:remoteref) refs/heads/main refs/remotes/main [23ms]
2025-02-07 20:47:31.060 [info] > git for-each-ref --sort -committerdate --format %(refname) %(objectname) %(*objectname) [1ms]
2025-02-07 20:47:31.110 [info] > git status -z -uall [54ms]
2025-02-07 20:47:31.240 [info] > git for-each-ref --format=%(refname)%00%(upstream:short)%00%(objectname)%00%(upstream:track)%00%(upstream:remotename)%00%(upstream:remoteref) refs/heads/main refs/remotes/main [122ms]
2025-02-07 20:47:31.244 [info] > git config --get commit.template [4ms]
2025-02-07 20:47:31.245 [info] > git config --local branch.main.vscode-merge-base [2ms]
2025-02-07 20:47:31.245 [warning] [Git][config] git config failed: Failed to execute git
2025-02-07 20:47:31.250 [info] > git for-each-ref --format=%(refname)%00%(upstream:short)%00%(objectname)%00%(upstream:track)%00%(upstream:remotename)%00%(upstream:remoteref) refs/heads/main refs/remotes/main [1ms]
2025-02-07 20:47:31.258 [info] > git for-each-ref --sort -committerdate --format %(refname) %(objectname) %(*objectname) [2ms]
2025-02-07 20:47:31.261 [info] > git reflog main --grep-reflog=branch: Created from *. [14ms]
2025-02-07 20:47:31.267 [info] > git symbolic-ref --short refs/remotes/origin/HEAD [4ms]
2025-02-07 20:47:31.268 [info] fatal: ref refs/remotes/origin/HEAD is not a symbolic ref
2025-02-07 20:47:31.268 [warning] [Repository][getDefaultBranch] Failed to get default branch details: Failed to execute git.
2025-02-07 20:47:31.271 [info] > git status -z -uall [18ms]
2025-02-07 20:47:31.276 [info] > git merge-base refs/heads/main refs/remotes/origin/main [1ms]
2025-02-07 20:47:31.279 [info] > git merge-base refs/heads/main refs/remotes/origin/main [8ms]
2025-02-07 20:47:31.281 [info] > git diff --name-status -z --diff-filter=ADMR 24b49ff8adba11cb8a570c1f8cd8e1e9e1c9237e...refs/remotes/origin/main [3ms]
2025-02-07 20:47:31.282 [info] > git diff --name-status -z --diff-filter=ADMR 24b49ff8adba11cb8a570c1f8cd8e1e9e1c9237e...refs/remotes/origin/main [1ms]
2025-02-07 20:47:31.599 [info] > git check-ignore -v -z --stdin [10ms]
2025-02-07 20:47:31.600 [info] > git show --textconv :ENGR212_Baltazar_Noah/Lab1.txt [6ms]
2025-02-07 20:47:31.601 [info] > git ls-files --stage -- /home/student/ENGR212_Baltazar_Noah/Lab1.txt [4ms]
2025-02-07 20:47:31.617 [info] > git cat-file -s a13ca7dcc37eb971d6ef1c7409c5244c31420477 [14ms]
2025-02-07 20:47:31.710 [info] > git blame --root --incremental 24b49ff8adba11cb8a570c1f8cd8e1e9e1c9237e -- /home/student/ENGR212_Baltazar_Noah/Lab1.txt [7ms]
2025-02-07 20:47:33.462 [info] > git config --get commit.template [3ms]
2025-02-07 20:47:33.463 [info] > git for-each-ref --format=%(refname)%00%(upstream:short)%00%(objectname)%00%(upstream:track)%00%(upstream:remotename)%00%(upstream:remoteref) refs/heads/main refs/remotes/main [2ms]
2025-02-07 20:47:33.471 [info] > git for-each-ref --sort -committerdate --format %(refname) %(objectname) %(*objectname) [1ms]
2025-02-07 20:47:33.484 [info] > git status -z -uall [18ms]
2025-02-07 20:48:07.501 [info] > git config --get commit.template [4ms]
2025-02-07 20:48:07.502 [info] > git for-each-ref --format=%(refname)%00%(upstream:short)%00%(objectname)%00%(upstream:track)%00%(upstream:remotename)%00%(upstream:remoteref) refs/heads/main refs/remotes/main [2ms]
2025-02-07 20:48:07.510 [info] > git for-each-ref --sort -committerdate --format %(refname) %(objectname) %(*objectname) [2ms]
2025-02-07 20:48:07.520 [info] > git status -z -uall [16ms]
2025-02-07 20:48:19.849 [info] > git config --get commit.template [5ms]
2025-02-07 20:48:19.850 [info] > git for-each-ref --format=%(refname)%00%(upstream:short)%00%(objectname)%00%(upstream:track)%00%(upstream:remotename)%00%(upstream:remoteref) refs/heads/main refs/remotes/main [2ms]
2025-02-07 20:48:19.858 [info] > git for-each-ref --sort -committerdate --format %(refname) %(objectname) %(*objectname) [2ms]
2025-02-07 20:48:19.867 [info] > git status -z -uall [14ms]
2025-02-07 20:48:27.074 [info] > git config --get commit.template [4ms]
2025-02-07 20:48:27.075 [info] > git for-each-ref --format=%(refname)%00%(upstream:short)%00%(objectname)%00%(upstream:track)%00%(upstream:remotename)%00%(upstream:remoteref) refs/heads/main refs/remotes/main [3ms]
2025-02-07 20:48:27.083 [info] > git for-each-ref --sort -committerdate --format %(refname) %(objectname) %(*objectname) [1ms]
2025-02-07 20:48:27.093 [info] > git status -z -uall [15ms]
2025-02-07 20:48:32.102 [info] > git config --get commit.template [3ms]
2025-02-07 20:48:32.103 [info] > git for-each-ref --format=%(refname)%00%(upstream:short)%00%(objectname)%00%(upstream:track)%00%(upstream:remotename)%00%(upstream:remoteref) refs/heads/main refs/remotes/main [1ms]
2025-02-07 20:48:32.112 [info] > git for-each-ref --sort -committerdate --format %(refname) %(objectname) %(*objectname) [2ms]
2025-02-07 20:48:32.121 [info] > git status -z -uall [15ms]
2025-02-07 20:48:38.939 [info] > git config --get commit.template [4ms]
2025-02-07 20:48:38.940 [info] > git for-each-ref --format=%(refname)%00%(upstream:short)%00%(objectname)%00%(upstream:track)%00%(upstream:remotename)%00%(upstream:remoteref) refs/heads/main refs/remotes/main [2ms]
2025-02-07 20:48:38.948 [info] > git for-each-ref --sort -committerdate --format %(refname) %(objectname) %(*objectname) [0ms]
2025-02-07 20:48:38.959 [info] > git status -z -uall [17ms]
2025-02-07 20:48:47.117 [info] > git config --get commit.template [3ms]
2025-02-07 20:48:47.118 [info] > git for-each-ref --format=%(refname)%00%(upstream:short)%00%(objectname)%00%(upstream:track)%00%(upstream:remotename)%00%(upstream:remoteref) refs/heads/main refs/remotes/main [2ms]
2025-02-07 20:48:47.127 [info] > git for-each-ref --sort -committerdate --format %(refname) %(objectname) %(*objectname) [2ms]
2025-02-07 20:48:47.137 [info] > git status -z -uall [16ms]
2025-02-07 20:48:52.147 [info] > git config --get commit.template [3ms]
2025-02-07 20:48:52.148 [info] > git for-each-ref --format=%(refname)%00%(upstream:short)%00%(objectname)%00%(upstream:track)%00%(upstream:remotename)%00%(upstream:remoteref) refs/heads/main refs/remotes/main [2ms]
2025-02-07 20:48:52.155 [info] > git for-each-ref --sort -committerdate --format %(refname) %(objectname) %(*objectname) [0ms]
2025-02-07 20:48:52.165 [info] > git status -z -uall [14ms]
2025-02-07 20:48:55.649 [info] > git check-ignore -v -z --stdin [2ms]
2025-02-07 20:48:57.176 [info] > git config --get commit.template [3ms]
2025-02-07 20:48:57.176 [info] > git for-each-ref --format=%(refname)%00%(upstream:short)%00%(objectname)%00%(upstream:track)%00%(upstream:remotename)%00%(upstream:remoteref) refs/heads/main refs/remotes/main [1ms]
2025-02-07 20:48:57.184 [info] > git for-each-ref --sort -committerdate --format %(refname) %(objectname) %(*objectname) [1ms]
2025-02-07 20:48:57.194 [info] > git status -z -uall [15ms]
2025-02-07 20:49:07.263 [info] > git config --get commit.template [2ms]
2025-02-07 20:49:07.264 [info] > git for-each-ref --format=%(refname)%00%(upstream:short)%00%(objectname)%00%(upstream:track)%00%(upstream:remotename)%00%(upstream:remoteref) refs/heads/main refs/remotes/main [1ms]
2025-02-07 20:49:07.272 [info] > git for-each-ref --sort -committerdate --format %(refname) %(objectname) %(*objectname) [1ms]
2025-02-07 20:49:07.282 [info] > git status -z -uall [15ms]
2025-02-07 20:49:12.293 [info] > git config --get commit.template [3ms]
2025-02-07 20:49:12.294 [info] > git for-each-ref --format=%(refname)%00%(upstream:short)%00%(objectname)%00%(upstream:track)%00%(upstream:remotename)%00%(upstream:remoteref) refs/heads/main refs/remotes/main [1ms]
2025-02-07 20:49:12.302 [info] > git for-each-ref --sort -committerdate --format %(refname) %(objectname) %(*objectname) [1ms]
2025-02-07 20:49:12.312 [info] > git status -z -uall [15ms]
2025-02-07 20:49:34.350 [info] > git config --get commit.template [3ms]
2025-02-07 20:49:34.351 [info] > git for-each-ref --format=%(refname)%00%(upstream:short)%00%(objectname)%00%(upstream:track)%00%(upstream:remotename)%00%(upstream:remoteref) refs/heads/main refs/remotes/main [2ms]
2025-02-07 20:49:34.359 [info] > git for-each-ref --sort -committerdate --format %(refname) %(objectname) %(*objectname) [0ms]
2025-02-07 20:49:34.369 [info] > git status -z -uall [14ms]
2025-02-07 20:49:39.377 [info] > git config --get commit.template [3ms]
2025-02-07 20:49:39.378 [info] > git for-each-ref --format=%(refname)%00%(upstream:short)%00%(objectname)%00%(upstream:track)%00%(upstream:remotename)%00%(upstream:remoteref) refs/heads/main refs/remotes/main [2ms]
2025-02-07 20:49:39.385 [info] > git for-each-ref --sort -committerdate --format %(refname) %(objectname) %(*objectname) [0ms]
2025-02-07 20:49:39.396 [info] > git status -z -uall [15ms]
2025-02-07 20:50:48.951 [info] > git config --get commit.template [3ms]
2025-02-07 20:50:48.952 [info] > git for-each-ref --format=%(refname)%00%(upstream:short)%00%(objectname)%00%(upstream:track)%00%(upstream:remotename)%00%(upstream:remoteref) refs/heads/main refs/remotes/main [2ms]
2025-02-07 20:50:48.959 [info] > git for-each-ref --sort -committerdate --format %(refname) %(objectname) %(*objectname) [1ms]
2025-02-07 20:50:48.970 [info] > git status -z -uall [15ms]
2025-02-07 20:50:53.980 [info] > git config --get commit.template [3ms]
2025-02-07 20:50:53.981 [info] > git for-each-ref --format=%(refname)%00%(upstream:short)%00%(objectname)%00%(upstream:track)%00%(upstream:remotename)%00%(upstream:remoteref) refs/heads/main refs/remotes/main [2ms]
2025-02-07 20:50:53.989 [info] > git for-each-ref --sort -committerdate --format %(refname) %(objectname) %(*objectname) [2ms]
2025-02-07 20:50:53.999 [info] > git status -z -uall [16ms]
2025-02-07 20:50:59.009 [info] > git config --get commit.template [4ms]
2025-02-07 20:50:59.010 [info] > git for-each-ref --format=%(refname)%00%(upstream:short)%00%(objectname)%00%(upstream:track)%00%(upstream:remotename)%00%(upstream:remoteref) refs/heads/main refs/remotes/main [2ms]
2025-02-07 20:50:59.018 [info] > git for-each-ref --sort -committerdate --format %(refname) %(objectname) %(*objectname) [1ms]
2025-02-07 20:50:59.028 [info] > git status -z -uall [15ms]
2025-02-07 20:51:04.037 [info] > git config --get commit.template [3ms]
2025-02-07 20:51:04.038 [info] > git for-each-ref --format=%(refname)%00%(upstream:short)%00%(objectname)%00%(upstream:track)%00%(upstream:remotename)%00%(upstream:remoteref) refs/heads/main refs/remotes/main [1ms]
2025-02-07 20:51:04.046 [info] > git for-each-ref --sort -committerdate --format %(refname) %(objectname) %(*objectname) [1ms]
2025-02-07 20:51:04.056 [info] > git status -z -uall [15ms]
2025-02-07 20:51:09.065 [info] > git config --get commit.template [4ms]
2025-02-07 20:51:09.066 [info] > git for-each-ref --format=%(refname)%00%(upstream:short)%00%(objectname)%00%(upstream:track)%00%(upstream:remotename)%00%(upstream:remoteref) refs/heads/main refs/remotes/main [2ms]
2025-02-07 20:51:09.075 [info] > git for-each-ref --sort -committerdate --format %(refname) %(objectname) %(*objectname) [1ms]
2025-02-07 20:51:09.090 [info] > git status -z -uall [21ms]
2025-02-07 20:51:14.101 [info] > git config --get commit.template [3ms]
2025-02-07 20:51:14.102 [info] > git for-each-ref --format=%(refname)%00%(upstream:short)%00%(objectname)%00%(upstream:track)%00%(upstream:remotename)%00%(upstream:remoteref) refs/heads/main refs/remotes/main [1ms]
2025-02-07 20:51:14.111 [info] > git for-each-ref --sort -committerdate --format %(refname) %(objectname) %(*objectname) [2ms]
2025-02-07 20:51:14.121 [info] > git status -z -uall [15ms]
2025-02-07 20:51:19.129 [info] > git config --get commit.template [2ms]
2025-02-07 20:51:19.133 [info] > git for-each-ref --format=%(refname)%00%(upstream:short)%00%(objectname)%00%(upstream:track)%00%(upstream:remotename)%00%(upstream:remoteref) refs/heads/main refs/remotes/main [2ms]
2025-02-07 20:51:19.140 [info] > git for-each-ref --sort -committerdate --format %(refname) %(objectname) %(*objectname) [0ms]
2025-02-07 20:51:19.151 [info] > git status -z -uall [15ms]
2025-02-07 20:51:24.162 [info] > git config --get commit.template [3ms]
2025-02-07 20:51:24.163 [info] > git for-each-ref --format=%(refname)%00%(upstream:short)%00%(objectname)%00%(upstream:track)%00%(upstream:remotename)%00%(upstream:remoteref) refs/heads/main refs/remotes/main [2ms]
2025-02-07 20:51:24.170 [info] > git for-each-ref --sort -committerdate --format %(refname) %(objectname) %(*objectname) [1ms]
2025-02-07 20:51:24.182 [info] > git status -z -uall [17ms]
2025-02-07 20:51:29.191 [info] > git config --get commit.template [3ms]
2025-02-07 20:51:29.192 [info] > git for-each-ref --format=%(refname)%00%(upstream:short)%00%(objectname)%00%(upstream:track)%00%(upstream:remotename)%00%(upstream:remoteref) refs/heads/main refs/remotes/main [1ms]
2025-02-07 20:51:29.200 [info] > git for-each-ref --sort -committerdate --format %(refname) %(objectname) %(*objectname) [1ms]
2025-02-07 20:51:29.210 [info] > git status -z -uall [15ms]
2025-02-07 20:51:39.998 [info] > git config --get commit.template [3ms]
2025-02-07 20:51:39.999 [info] > git for-each-ref --format=%(refname)%00%(upstream:short)%00%(objectname)%00%(upstream:track)%00%(upstream:remotename)%00%(upstream:remoteref) refs/heads/main refs/remotes/main [2ms]
2025-02-07 20:51:40.006 [info] > git for-each-ref --sort -committerdate --format %(refname) %(objectname) %(*objectname) [0ms]
2025-02-07 20:51:40.017 [info] > git status -z -uall [15ms]
2025-02-07 20:51:45.027 [info] > git config --get commit.template [4ms]
2025-02-07 20:51:45.028 [info] > git for-each-ref --format=%(refname)%00%(upstream:short)%00%(objectname)%00%(upstream:track)%00%(upstream:remotename)%00%(upstream:remoteref) refs/heads/main refs/remotes/main [2ms]
2025-02-07 20:51:45.035 [info] > git for-each-ref --sort -committerdate --format %(refname) %(objectname) %(*objectname) [1ms]
2025-02-07 20:51:45.045 [info] > git status -z -uall [15ms]
2025-02-07 20:51:50.055 [info] > git config --get commit.template [3ms]
2025-02-07 20:51:50.056 [info] > git for-each-ref --format=%(refname)%00%(upstream:short)%00%(objectname)%00%(upstream:track)%00%(upstream:remotename)%00%(upstream:remoteref) refs/heads/main refs/remotes/main [2ms]
2025-02-07 20:51:50.063 [info] > git for-each-ref --sort -committerdate --format %(refname) %(objectname) %(*objectname) [1ms]
2025-02-07 20:51:50.074 [info] > git status -z -uall [16ms]
2025-02-07 20:51:55.083 [info] > git config --get commit.template [3ms]
2025-02-07 20:51:55.084 [info] > git for-each-ref --format=%(refname)%00%(upstream:short)%00%(objectname)%00%(upstream:track)%00%(upstream:remotename)%00%(upstream:remoteref) refs/heads/main refs/remotes/main [1ms]
2025-02-07 20:51:55.093 [info] > git for-each-ref --sort -committerdate --format %(refname) %(objectname) %(*objectname) [2ms]
2025-02-07 20:51:55.103 [info] > git status -z -uall [16ms]
2025-02-07 20:52:00.112 [info] > git config --get commit.template [3ms]
2025-02-07 20:52:00.114 [info] > git for-each-ref --format=%(refname)%00%(upstream:short)%00%(objectname)%00%(upstream:track)%00%(upstream:remotename)%00%(upstream:remoteref) refs/heads/main refs/remotes/main [2ms]
2025-02-07 20:52:00.121 [info] > git for-each-ref --sort -committerdate --format %(refname) %(objectname) %(*objectname) [1ms]
2025-02-07 20:52:00.131 [info] > git status -z -uall [15ms]
2025-02-07 20:52:05.139 [info] > git config --get commit.template [3ms]
2025-02-07 20:52:05.140 [info] > git for-each-ref --format=%(refname)%00%(upstream:short)%00%(objectname)%00%(upstream:track)%00%(upstream:remotename)%00%(upstream:remoteref) refs/heads/main refs/remotes/main [2ms]
2025-02-07 20:52:05.147 [info] > git for-each-ref --sort -committerdate --format %(refname) %(objectname) %(*objectname) [1ms]
2025-02-07 20:52:05.160 [info] > git status -z -uall [18ms]
2025-02-07 20:52:10.169 [info] > git config --get commit.template [4ms]
2025-02-07 20:52:10.169 [info] > git for-each-ref --format=%(refname)%00%(upstream:short)%00%(objectname)%00%(upstream:track)%00%(upstream:remotename)%00%(upstream:remoteref) refs/heads/main refs/remotes/main [1ms]
2025-02-07 20:52:10.176 [info] > git for-each-ref --sort -committerdate --format %(refname) %(objectname) %(*objectname) [0ms]
2025-02-07 20:52:10.187 [info] > git status -z -uall [15ms]
2025-02-07 20:52:15.198 [info] > git config --get commit.template [4ms]
2025-02-07 20:52:15.198 [info] > git for-each-ref --format=%(refname)%00%(upstream:short)%00%(objectname)%00%(upstream:track)%00%(upstream:remotename)%00%(upstream:remoteref) refs/heads/main refs/remotes/main [1ms]
2025-02-07 20:52:15.206 [info] > git for-each-ref --sort -committerdate --format %(refname) %(objectname) %(*objectname) [0ms]
2025-02-07 20:52:15.216 [info] > git status -z -uall [15ms]
2025-02-07 20:52:42.292 [info] > git config --get commit.template [4ms]
2025-02-07 20:52:42.292 [info] > git for-each-ref --format=%(refname)%00%(upstream:short)%00%(objectname)%00%(upstream:track)%00%(upstream:remotename)%00%(upstream:remoteref) refs/heads/main refs/remotes/main [1ms]
2025-02-07 20:52:42.299 [info] > git for-each-ref --sort -committerdate --format %(refname) %(objectname) %(*objectname) [0ms]
2025-02-07 20:52:42.310 [info] > git status -z -uall [15ms]
2025-02-07 20:52:47.319 [info] > git config --get commit.template [3ms]
2025-02-07 20:52:47.320 [info] > git for-each-ref --format=%(refname)%00%(upstream:short)%00%(objectname)%00%(upstream:track)%00%(upstream:remotename)%00%(upstream:remoteref) refs/heads/main refs/remotes/main [2ms]
2025-02-07 20:52:47.327 [info] > git for-each-ref --sort -committerdate --format %(refname) %(objectname) %(*objectname) [1ms]
2025-02-07 20:52:47.338 [info] > git status -z -uall [16ms]
2025-02-07 20:52:52.348 [info] > git config --get commit.template [3ms]
2025-02-07 20:52:52.349 [info] > git for-each-ref --format=%(refname)%00%(upstream:short)%00%(objectname)%00%(upstream:track)%00%(upstream:remotename)%00%(upstream:remoteref) refs/heads/main refs/remotes/main [2ms]
2025-02-07 20:52:52.356 [info] > git for-each-ref --sort -committerdate --format %(refname) %(objectname) %(*objectname) [1ms]
2025-02-07 20:52:52.366 [info] > git status -z -uall [15ms]
2025-02-07 20:53:23.561 [info] > git config --get commit.template [3ms]
2025-02-07 20:53:23.562 [info] > git for-each-ref --format=%(refname)%00%(upstream:short)%00%(objectname)%00%(upstream:track)%00%(upstream:remotename)%00%(upstream:remoteref) refs/heads/main refs/remotes/main [2ms]
2025-02-07 20:53:23.569 [info] > git for-each-ref --sort -committerdate --format %(refname) %(objectname) %(*objectname) [0ms]
2025-02-07 20:53:23.579 [info] > git status -z -uall [14ms]
2025-02-07 20:53:28.590 [info] > git config --get commit.template [5ms]
2025-02-07 20:53:28.591 [info] > git for-each-ref --format=%(refname)%00%(upstream:short)%00%(objectname)%00%(upstream:track)%00%(upstream:remotename)%00%(upstream:remoteref) refs/heads/main refs/remotes/main [2ms]
2025-02-07 20:53:28.598 [info] > git for-each-ref --sort -committerdate --format %(refname) %(objectname) %(*objectname) [1ms]
2025-02-07 20:53:28.609 [info] > git status -z -uall [16ms]
2025-02-07 20:53:33.618 [info] > git config --get commit.template [2ms]
2025-02-07 20:53:33.620 [info] > git for-each-ref --format=%(refname)%00%(upstream:short)%00%(objectname)%00%(upstream:track)%00%(upstream:remotename)%00%(upstream:remoteref) refs/heads/main refs/remotes/main [3ms]
2025-02-07 20:53:33.628 [info] > git for-each-ref --sort -committerdate --format %(refname) %(objectname) %(*objectname) [1ms]
2025-02-07 20:53:33.639 [info] > git status -z -uall [16ms]
2025-02-07 20:53:38.647 [info] > git config --get commit.template [3ms]
2025-02-07 20:53:38.648 [info] > git for-each-ref --format=%(refname)%00%(upstream:short)%00%(objectname)%00%(upstream:track)%00%(upstream:remotename)%00%(upstream:remoteref) refs/heads/main refs/remotes/main [1ms]
2025-02-07 20:53:38.655 [info] > git for-each-ref --sort -committerdate --format %(refname) %(objectname) %(*objectname) [1ms]
2025-02-07 20:53:38.665 [info] > git status -z -uall [15ms]
2025-02-07 20:53:43.673 [info] > git config --get commit.template [3ms]
2025-02-07 20:53:43.674 [info] > git for-each-ref --format=%(refname)%00%(upstream:short)%00%(objectname)%00%(upstream:track)%00%(upstream:remotename)%00%(upstream:remoteref) refs/heads/main refs/remotes/main [2ms]
2025-02-07 20:53:43.681 [info] > git for-each-ref --sort -committerdate --format %(refname) %(objectname) %(*objectname) [0ms]
2025-02-07 20:53:43.691 [info] > git status -z -uall [14ms]
2025-02-07 20:53:48.700 [info] > git config --get commit.template [3ms]
2025-02-07 20:53:48.701 [info] > git for-each-ref --format=%(refname)%00%(upstream:short)%00%(objectname)%00%(upstream:track)%00%(upstream:remotename)%00%(upstream:remoteref) refs/heads/main refs/remotes/main [1ms]
2025-02-07 20:53:48.708 [info] > git for-each-ref --sort -committerdate --format %(refname) %(objectname) %(*objectname) [0ms]
2025-02-07 20:53:48.719 [info] > git status -z -uall [15ms]
2025-02-07 20:53:53.727 [info] > git config --get commit.template [3ms]
2025-02-07 20:53:53.729 [info] > git for-each-ref --format=%(refname)%00%(upstream:short)%00%(objectname)%00%(upstream:track)%00%(upstream:remotename)%00%(upstream:remoteref) refs/heads/main refs/remotes/main [1ms]
2025-02-07 20:53:53.736 [info] > git for-each-ref --sort -committerdate --format %(refname) %(objectname) %(*objectname) [1ms]
2025-02-07 20:53:53.746 [info] > git status -z -uall [15ms]
2025-02-07 20:53:58.755 [info] > git config --get commit.template [4ms]
2025-02-07 20:53:58.756 [info] > git for-each-ref --format=%(refname)%00%(upstream:short)%00%(objectname)%00%(upstream:track)%00%(upstream:remotename)%00%(upstream:remoteref) refs/heads/main refs/remotes/main [2ms]
2025-02-07 20:53:58.763 [info] > git for-each-ref --sort -committerdate --format %(refname) %(objectname) %(*objectname) [1ms]
2025-02-07 20:53:58.773 [info] > git status -z -uall [15ms]
2025-02-07 20:54:03.783 [info] > git config --get commit.template [4ms]
2025-02-07 20:54:03.784 [info] > git for-each-ref --format=%(refname)%00%(upstream:short)%00%(objectname)%00%(upstream:track)%00%(upstream:remotename)%00%(upstream:remoteref) refs/heads/main refs/remotes/main [2ms]
2025-02-07 20:54:03.791 [info] > git for-each-ref --sort -committerdate --format %(refname) %(objectname) %(*objectname) [1ms]
2025-02-07 20:54:03.801 [info] > git status -z -uall [15ms]
2025-02-07 20:54:08.811 [info] > git config --get commit.template [3ms]
2025-02-07 20:54:08.811 [info] > git for-each-ref --format=%(refname)%00%(upstream:short)%00%(objectname)%00%(upstream:track)%00%(upstream:remotename)%00%(upstream:remoteref) refs/heads/main refs/remotes/main [1ms]
2025-02-07 20:54:08.818 [info] > git for-each-ref --sort -committerdate --format %(refname) %(objectname) %(*objectname) [2ms]
2025-02-07 20:54:08.829 [info] > git status -z -uall [15ms]
2025-02-07 20:54:21.323 [info] > git config --get commit.template [3ms]
2025-02-07 20:54:21.324 [info] > git for-each-ref --format=%(refname)%00%(upstream:short)%00%(objectname)%00%(upstream:track)%00%(upstream:remotename)%00%(upstream:remoteref) refs/heads/main refs/remotes/main [2ms]
2025-02-07 20:54:21.331 [info] > git for-each-ref --sort -committerdate --format %(refname) %(objectname) %(*objectname) [0ms]
2025-02-07 20:54:21.342 [info] > git status -z -uall [15ms]
2025-02-07 20:54:26.352 [info] > git config --get commit.template [4ms]
2025-02-07 20:54:26.352 [info] > git for-each-ref --format=%(refname)%00%(upstream:short)%00%(objectname)%00%(upstream:track)%00%(upstream:remotename)%00%(upstream:remoteref) refs/heads/main refs/remotes/main [1ms]
2025-02-07 20:54:26.359 [info] > git for-each-ref --sort -committerdate --format %(refname) %(objectname) %(*objectname) [0ms]
2025-02-07 20:54:26.369 [info] > git status -z -uall [14ms]
2025-02-07 20:54:31.378 [info] > git config --get commit.template [3ms]
2025-02-07 20:54:31.380 [info] > git for-each-ref --format=%(refname)%00%(upstream:short)%00%(objectname)%00%(upstream:track)%00%(upstream:remotename)%00%(upstream:remoteref) refs/heads/main refs/remotes/main [2ms]
2025-02-07 20:54:31.387 [info] > git for-each-ref --sort -committerdate --format %(refname) %(objectname) %(*objectname) [1ms]
2025-02-07 20:54:31.397 [info] > git status -z -uall [15ms]
2025-02-07 20:54:36.407 [info] > git config --get commit.template [3ms]
2025-02-07 20:54:36.407 [info] > git for-each-ref --format=%(refname)%00%(upstream:short)%00%(objectname)%00%(upstream:track)%00%(upstream:remotename)%00%(upstream:remoteref) refs/heads/main refs/remotes/main [1ms]
2025-02-07 20:54:36.415 [info] > git for-each-ref --sort -committerdate --format %(refname) %(objectname) %(*objectname) [1ms]
2025-02-07 20:54:36.425 [info] > git status -z -uall [15ms]
2025-02-07 20:54:41.435 [info] > git config --get commit.template [4ms]
2025-02-07 20:54:41.436 [info] > git for-each-ref --format=%(refname)%00%(upstream:short)%00%(objectname)%00%(upstream:track)%00%(upstream:remotename)%00%(upstream:remoteref) refs/heads/main refs/remotes/main [2ms]
2025-02-07 20:54:41.443 [info] > git for-each-ref --sort -committerdate --format %(refname) %(objectname) %(*objectname) [1ms]
2025-02-07 20:54:41.453 [info] > git status -z -uall [15ms]
2025-02-07 20:54:46.462 [info] > git config --get commit.template [3ms]
2025-02-07 20:54:46.463 [info] > git for-each-ref --format=%(refname)%00%(upstream:short)%00%(objectname)%00%(upstream:track)%00%(upstream:remotename)%00%(upstream:remoteref) refs/heads/main refs/remotes/main [2ms]
2025-02-07 20:54:46.470 [info] > git for-each-ref --sort -committerdate --format %(refname) %(objectname) %(*objectname) [1ms]
2025-02-07 20:54:46.480 [info] > git status -z -uall [15ms]
2025-02-07 20:55:22.075 [info] > git config --get commit.template [3ms]
2025-02-07 20:55:22.076 [info] > git for-each-ref --format=%(refname)%00%(upstream:short)%00%(objectname)%00%(upstream:track)%00%(upstream:remotename)%00%(upstream:remoteref) refs/heads/main refs/remotes/main [2ms]
2025-02-07 20:55:22.083 [info] > git for-each-ref --sort -committerdate --format %(refname) %(objectname) %(*objectname) [1ms]
2025-02-07 20:55:22.093 [info] > git status -z -uall [15ms]
2025-02-07 20:55:27.100 [info] > git config --get commit.template [1ms]
2025-02-07 20:55:27.104 [info] > git for-each-ref --format=%(refname)%00%(upstream:short)%00%(objectname)%00%(upstream:track)%00%(upstream:remotename)%00%(upstream:remoteref) refs/heads/main refs/remotes/main [1ms]
2025-02-07 20:55:27.112 [info] > git for-each-ref --sort -committerdate --format %(refname) %(objectname) %(*objectname) [0ms]
2025-02-07 20:55:27.121 [info] > git status -z -uall [14ms]
2025-02-07 20:55:32.129 [info] > git config --get commit.template [3ms]
2025-02-07 20:55:32.130 [info] > git for-each-ref --format=%(refname)%00%(upstream:short)%00%(objectname)%00%(upstream:track)%00%(upstream:remotename)%00%(upstream:remoteref) refs/heads/main refs/remotes/main [1ms]
2025-02-07 20:55:32.138 [info] > git for-each-ref --sort -committerdate --format %(refname) %(objectname) %(*objectname) [1ms]
2025-02-07 20:55:32.148 [info] > git status -z -uall [15ms]
2025-02-07 20:55:37.155 [info] > git config --get commit.template [3ms]
2025-02-07 20:55:37.156 [info] > git for-each-ref --format=%(refname)%00%(upstream:short)%00%(objectname)%00%(upstream:track)%00%(upstream:remotename)%00%(upstream:remoteref) refs/heads/main refs/remotes/main [1ms]
2025-02-07 20:55:37.163 [info] > git for-each-ref --sort -committerdate --format %(refname) %(objectname) %(*objectname) [0ms]
2025-02-07 20:55:37.173 [info] > git status -z -uall [14ms]
2025-02-07 20:55:43.733 [info] > git config --get commit.template [3ms]
2025-02-07 20:55:43.734 [info] > git for-each-ref --format=%(refname)%00%(upstream:short)%00%(objectname)%00%(upstream:track)%00%(upstream:remotename)%00%(upstream:remoteref) refs/heads/main refs/remotes/main [1ms]
2025-02-07 20:55:43.741 [info] > git for-each-ref --sort -committerdate --format %(refname) %(objectname) %(*objectname) [0ms]
2025-02-07 20:55:43.752 [info] > git status -z -uall [15ms]
2025-02-07 20:55:48.759 [info] > git config --get commit.template [3ms]
2025-02-07 20:55:48.760 [info] > git for-each-ref --format=%(refname)%00%(upstream:short)%00%(objectname)%00%(upstream:track)%00%(upstream:remotename)%00%(upstream:remoteref) refs/heads/main refs/remotes/main [2ms]
2025-02-07 20:55:48.767 [info] > git for-each-ref --sort -committerdate --format %(refname) %(objectname) %(*objectname) [0ms]
2025-02-07 20:55:48.777 [info] > git status -z -uall [15ms]
2025-02-07 20:55:53.786 [info] > git config --get commit.template [3ms]
2025-02-07 20:55:53.787 [info] > git for-each-ref --format=%(refname)%00%(upstream:short)%00%(objectname)%00%(upstream:track)%00%(upstream:remotename)%00%(upstream:remoteref) refs/heads/main refs/remotes/main [1ms]
2025-02-07 20:55:53.795 [info] > git for-each-ref --sort -committerdate --format %(refname) %(objectname) %(*objectname) [1ms]
2025-02-07 20:55:53.806 [info] > git status -z -uall [16ms]
2025-02-07 20:55:58.815 [info] > git config --get commit.template [4ms]
2025-02-07 20:55:58.816 [info] > git for-each-ref --format=%(refname)%00%(upstream:short)%00%(objectname)%00%(upstream:track)%00%(upstream:remotename)%00%(upstream:remoteref) refs/heads/main refs/remotes/main [1ms]
2025-02-07 20:55:58.823 [info] > git for-each-ref --sort -committerdate --format %(refname) %(objectname) %(*objectname) [1ms]
2025-02-07 20:55:58.834 [info] > git status -z -uall [16ms]
2025-02-07 20:56:03.843 [info] > git config --get commit.template [4ms]
2025-02-07 20:56:03.844 [info] > git for-each-ref --format=%(refname)%00%(upstream:short)%00%(objectname)%00%(upstream:track)%00%(upstream:remotename)%00%(upstream:remoteref) refs/heads/main refs/remotes/main [2ms]
2025-02-07 20:56:03.852 [info] > git for-each-ref --sort -committerdate --format %(refname) %(objectname) %(*objectname) [2ms]
2025-02-07 20:56:03.861 [info] > git status -z -uall [15ms]
2025-02-07 20:56:08.869 [info] > git config --get commit.template [3ms]
2025-02-07 20:56:08.870 [info] > git for-each-ref --format=%(refname)%00%(upstream:short)%00%(objectname)%00%(upstream:track)%00%(upstream:remotename)%00%(upstream:remoteref) refs/heads/main refs/remotes/main [2ms]
2025-02-07 20:56:08.876 [info] > git for-each-ref --sort -committerdate --format %(refname) %(objectname) %(*objectname) [0ms]
2025-02-07 20:56:08.887 [info] > git status -z -uall [15ms]
2025-02-07 20:56:13.894 [info] > git config --get commit.template [3ms]
2025-02-07 20:56:13.895 [info] > git for-each-ref --format=%(refname)%00%(upstream:short)%00%(objectname)%00%(upstream:track)%00%(upstream:remotename)%00%(upstream:remoteref) refs/heads/main refs/remotes/main [2ms]
2025-02-07 20:56:13.902 [info] > git for-each-ref --sort -committerdate --format %(refname) %(objectname) %(*objectname) [0ms]
2025-02-07 20:56:13.912 [info] > git status -z -uall [15ms]
2025-02-07 20:56:18.920 [info] > git config --get commit.template [4ms]
2025-02-07 20:56:18.921 [info] > git for-each-ref --format=%(refname)%00%(upstream:short)%00%(objectname)%00%(upstream:track)%00%(upstream:remotename)%00%(upstream:remoteref) refs/heads/main refs/remotes/main [2ms]
2025-02-07 20:56:18.928 [info] > git for-each-ref --sort -committerdate --format %(refname) %(objectname) %(*objectname) [0ms]
2025-02-07 20:56:18.939 [info] > git status -z -uall [15ms]
2025-02-07 20:56:23.947 [info] > git config --get commit.template [3ms]
2025-02-07 20:56:23.948 [info] > git for-each-ref --format=%(refname)%00%(upstream:short)%00%(objectname)%00%(upstream:track)%00%(upstream:remotename)%00%(upstream:remoteref) refs/heads/main refs/remotes/main [2ms]
2025-02-07 20:56:23.956 [info] > git for-each-ref --sort -committerdate --format %(refname) %(objectname) %(*objectname) [2ms]
2025-02-07 20:56:23.965 [info] > git status -z -uall [15ms]
2025-02-07 20:56:45.461 [info] > git config --get commit.template [3ms]
2025-02-07 20:56:45.462 [info] > git for-each-ref --format=%(refname)%00%(upstream:short)%00%(objectname)%00%(upstream:track)%00%(upstream:remotename)%00%(upstream:remoteref) refs/heads/main refs/remotes/main [1ms]
2025-02-07 20:56:45.469 [info] > git for-each-ref --sort -committerdate --format %(refname) %(objectname) %(*objectname) [1ms]
2025-02-07 20:56:45.480 [info] > git status -z -uall [15ms]
2025-02-07 20:56:50.489 [info] > git config --get commit.template [3ms]
2025-02-07 20:56:50.491 [info] > git for-each-ref --format=%(refname)%00%(upstream:short)%00%(objectname)%00%(upstream:track)%00%(upstream:remotename)%00%(upstream:remoteref) refs/heads/main refs/remotes/main [1ms]
2025-02-07 20:56:50.498 [info] > git for-each-ref --sort -committerdate --format %(refname) %(objectname) %(*objectname) [1ms]
2025-02-07 20:56:50.509 [info] > git status -z -uall [16ms]
2025-02-07 20:56:58.323 [info] > git config --get commit.template [3ms]
2025-02-07 20:56:58.324 [info] > git for-each-ref --format=%(refname)%00%(upstream:short)%00%(objectname)%00%(upstream:track)%00%(upstream:remotename)%00%(upstream:remoteref) refs/heads/main refs/remotes/main [1ms]
2025-02-07 20:56:58.331 [info] > git for-each-ref --sort -committerdate --format %(refname) %(objectname) %(*objectname) [0ms]
2025-02-07 20:56:58.344 [info] > git status -z -uall [17ms]
2025-02-07 20:57:03.353 [info] > git config --get commit.template [3ms]
2025-02-07 20:57:03.354 [info] > git for-each-ref --format=%(refname)%00%(upstream:short)%00%(objectname)%00%(upstream:track)%00%(upstream:remotename)%00%(upstream:remoteref) refs/heads/main refs/remotes/main [2ms]
2025-02-07 20:57:03.362 [info] > git for-each-ref --sort -committerdate --format %(refname) %(objectname) %(*objectname) [2ms]
2025-02-07 20:57:03.372 [info] > git status -z -uall [16ms]
2025-02-07 21:01:14.180 [info] > git config --get commit.template [3ms]
2025-02-07 21:01:14.181 [info] > git for-each-ref --format=%(refname)%00%(upstream:short)%00%(objectname)%00%(upstream:track)%00%(upstream:remotename)%00%(upstream:remoteref) refs/heads/main refs/remotes/main [1ms]
2025-02-07 21:01:14.188 [info] > git for-each-ref --sort -committerdate --format %(refname) %(objectname) %(*objectname) [1ms]
2025-02-07 21:01:14.198 [info] > git status -z -uall [15ms]
2025-02-07 21:01:19.209 [info] > git config --get commit.template [4ms]
2025-02-07 21:01:19.210 [info] > git for-each-ref --format=%(refname)%00%(upstream:short)%00%(objectname)%00%(upstream:track)%00%(upstream:remotename)%00%(upstream:remoteref) refs/heads/main refs/remotes/main [1ms]
2025-02-07 21:01:19.218 [info] > git for-each-ref --sort -committerdate --format %(refname) %(objectname) %(*objectname) [0ms]
2025-02-07 21:01:19.229 [info] > git status -z -uall [17ms]
2025-02-07 21:01:24.238 [info] > git config --get commit.template [4ms]
2025-02-07 21:01:24.239 [info] > git for-each-ref --format=%(refname)%00%(upstream:short)%00%(objectname)%00%(upstream:track)%00%(upstream:remotename)%00%(upstream:remoteref) refs/heads/main refs/remotes/main [2ms]
2025-02-07 21:01:24.246 [info] > git for-each-ref --sort -committerdate --format %(refname) %(objectname) %(*objectname) [1ms]
2025-02-07 21:01:24.256 [info] > git status -z -uall [15ms]
2025-02-07 21:01:29.264 [info] > git config --get commit.template [3ms]
2025-02-07 21:01:29.265 [info] > git for-each-ref --format=%(refname)%00%(upstream:short)%00%(objectname)%00%(upstream:track)%00%(upstream:remotename)%00%(upstream:remoteref) refs/heads/main refs/remotes/main [1ms]
2025-02-07 21:01:29.273 [info] > git for-each-ref --sort -committerdate --format %(refname) %(objectname) %(*objectname) [1ms]
2025-02-07 21:01:29.283 [info] > git status -z -uall [15ms]
2025-02-07 21:01:48.320 [info] > git config --get commit.template [3ms]
2025-02-07 21:01:48.321 [info] > git for-each-ref --format=%(refname)%00%(upstream:short)%00%(objectname)%00%(upstream:track)%00%(upstream:remotename)%00%(upstream:remoteref) refs/heads/main refs/remotes/main [2ms]
2025-02-07 21:01:48.329 [info] > git for-each-ref --sort -committerdate --format %(refname) %(objectname) %(*objectname) [1ms]
2025-02-07 21:01:48.339 [info] > git status -z -uall [15ms]
2025-02-07 21:01:53.347 [info] > git config --get commit.template [3ms]
2025-02-07 21:01:53.348 [info] > git for-each-ref --format=%(refname)%00%(upstream:short)%00%(objectname)%00%(upstream:track)%00%(upstream:remotename)%00%(upstream:remoteref) refs/heads/main refs/remotes/main [1ms]
2025-02-07 21:01:53.355 [info] > git for-each-ref --sort -committerdate --format %(refname) %(objectname) %(*objectname) [0ms]
2025-02-07 21:01:53.366 [info] > git status -z -uall [15ms]
2025-02-07 21:01:58.374 [info] > git config --get commit.template [4ms]
2025-02-07 21:01:58.375 [info] > git for-each-ref --format=%(refname)%00%(upstream:short)%00%(objectname)%00%(upstream:track)%00%(upstream:remotename)%00%(upstream:remoteref) refs/heads/main refs/remotes/main [2ms]
2025-02-07 21:01:58.382 [info] > git for-each-ref --sort -committerdate --format %(refname) %(objectname) %(*objectname) [0ms]
2025-02-07 21:01:58.393 [info] > git status -z -uall [15ms]
2025-02-07 21:02:03.402 [info] > git config --get commit.template [2ms]
2025-02-07 21:02:03.402 [info] > git for-each-ref --format=%(refname)%00%(upstream:short)%00%(objectname)%00%(upstream:track)%00%(upstream:remotename)%00%(upstream:remoteref) refs/heads/main refs/remotes/main [1ms]
2025-02-07 21:02:03.410 [info] > git for-each-ref --sort -committerdate --format %(refname) %(objectname) %(*objectname) [1ms]
2025-02-07 21:02:03.423 [info] > git status -z -uall [18ms]
2025-02-07 21:02:08.433 [info] > git config --get commit.template [4ms]
2025-02-07 21:02:08.434 [info] > git for-each-ref --format=%(refname)%00%(upstream:short)%00%(objectname)%00%(upstream:track)%00%(upstream:remotename)%00%(upstream:remoteref) refs/heads/main refs/remotes/main [2ms]
2025-02-07 21:02:08.443 [info] > git for-each-ref --sort -committerdate --format %(refname) %(objectname) %(*objectname) [1ms]
2025-02-07 21:02:08.452 [info] > git status -z -uall [14ms]
2025-02-07 21:02:13.461 [info] > git config --get commit.template [3ms]
2025-02-07 21:02:13.462 [info] > git for-each-ref --format=%(refname)%00%(upstream:short)%00%(objectname)%00%(upstream:track)%00%(upstream:remotename)%00%(upstream:remoteref) refs/heads/main refs/remotes/main [2ms]
2025-02-07 21:02:13.470 [info] > git for-each-ref --sort -committerdate --format %(refname) %(objectname) %(*objectname) [1ms]
2025-02-07 21:02:13.480 [info] > git status -z -uall [15ms]
2025-02-07 21:02:17.783 [info] > git check-ignore -v -z --stdin [2ms]
2025-02-07 21:02:18.490 [info] > git config --get commit.template [4ms]
2025-02-07 21:02:18.491 [info] > git for-each-ref --format=%(refname)%00%(upstream:short)%00%(objectname)%00%(upstream:track)%00%(upstream:remotename)%00%(upstream:remoteref) refs/heads/main refs/remotes/main [2ms]
2025-02-07 21:02:18.498 [info] > git for-each-ref --sort -committerdate --format %(refname) %(objectname) %(*objectname) [0ms]
2025-02-07 21:02:18.508 [info] > git status -z -uall [14ms]
2025-02-07 21:02:23.518 [info] > git config --get commit.template [3ms]
2025-02-07 21:02:23.519 [info] > git for-each-ref --format=%(refname)%00%(upstream:short)%00%(objectname)%00%(upstream:track)%00%(upstream:remotename)%00%(upstream:remoteref) refs/heads/main refs/remotes/main [2ms]
2025-02-07 21:02:23.526 [info] > git for-each-ref --sort -committerdate --format %(refname) %(objectname) %(*objectname) [0ms]
2025-02-07 21:02:23.537 [info] > git status -z -uall [15ms]
2025-02-07 21:02:28.546 [info] > git config --get commit.template [3ms]
2025-02-07 21:02:28.547 [info] > git for-each-ref --format=%(refname)%00%(upstream:short)%00%(objectname)%00%(upstream:track)%00%(upstream:remotename)%00%(upstream:remoteref) refs/heads/main refs/remotes/main [2ms]
2025-02-07 21:02:28.554 [info] > git for-each-ref --sort -committerdate --format %(refname) %(objectname) %(*objectname) [1ms]
2025-02-07 21:02:28.564 [info] > git status -z -uall [15ms]
2025-02-07 21:02:33.575 [info] > git config --get commit.template [6ms]
2025-02-07 21:02:33.576 [info] > git for-each-ref --format=%(refname)%00%(upstream:short)%00%(objectname)%00%(upstream:track)%00%(upstream:remotename)%00%(upstream:remoteref) refs/heads/main refs/remotes/main [4ms]
2025-02-07 21:02:33.599 [info] > git for-each-ref --sort -committerdate --format %(refname) %(objectname) %(*objectname) [8ms]
2025-02-07 21:02:33.613 [info] > git status -z -uall [27ms]
2025-02-07 21:02:42.501 [info] > git config --get commit.template [3ms]
2025-02-07 21:02:42.502 [info] > git for-each-ref --format=%(refname)%00%(upstream:short)%00%(objectname)%00%(upstream:track)%00%(upstream:remotename)%00%(upstream:remoteref) refs/heads/main refs/remotes/main [2ms]
2025-02-07 21:02:42.509 [info] > git for-each-ref --sort -committerdate --format %(refname) %(objectname) %(*objectname) [1ms]
2025-02-07 21:02:42.519 [info] > git status -z -uall [15ms]
2025-02-07 21:02:47.528 [info] > git config --get commit.template [3ms]
2025-02-07 21:02:47.530 [info] > git for-each-ref --format=%(refname)%00%(upstream:short)%00%(objectname)%00%(upstream:track)%00%(upstream:remotename)%00%(upstream:remoteref) refs/heads/main refs/remotes/main [1ms]
2025-02-07 21:02:47.538 [info] > git for-each-ref --sort -committerdate --format %(refname) %(objectname) %(*objectname) [2ms]
2025-02-07 21:02:47.547 [info] > git status -z -uall [15ms]
2025-02-07 21:02:52.556 [info] > git config --get commit.template [3ms]
2025-02-07 21:02:52.557 [info] > git for-each-ref --format=%(refname)%00%(upstream:short)%00%(objectname)%00%(upstream:track)%00%(upstream:remotename)%00%(upstream:remoteref) refs/heads/main refs/remotes/main [2ms]
2025-02-07 21:02:52.564 [info] > git for-each-ref --sort -committerdate --format %(refname) %(objectname) %(*objectname) [0ms]
2025-02-07 21:02:52.574 [info] > git status -z -uall [14ms]
2025-02-07 21:02:57.584 [info] > git config --get commit.template [3ms]
2025-02-07 21:02:57.586 [info] > git for-each-ref --format=%(refname)%00%(upstream:short)%00%(objectname)%00%(upstream:track)%00%(upstream:remotename)%00%(upstream:remoteref) refs/heads/main refs/remotes/main [2ms]
2025-02-07 21:02:57.593 [info] > git for-each-ref --sort -committerdate --format %(refname) %(objectname) %(*objectname) [1ms]
2025-02-07 21:02:57.604 [info] > git status -z -uall [16ms]
2025-02-07 21:03:02.614 [info] > git config --get commit.template [5ms]
2025-02-07 21:03:02.615 [info] > git for-each-ref --format=%(refname)%00%(upstream:short)%00%(objectname)%00%(upstream:track)%00%(upstream:remotename)%00%(upstream:remoteref) refs/heads/main refs/remotes/main [2ms]
2025-02-07 21:03:02.622 [info] > git for-each-ref --sort -committerdate --format %(refname) %(objectname) %(*objectname) [0ms]
2025-02-07 21:03:02.632 [info] > git status -z -uall [14ms]
2025-02-07 21:03:07.643 [info] > git config --get commit.template [3ms]
2025-02-07 21:03:07.644 [info] > git for-each-ref --format=%(refname)%00%(upstream:short)%00%(objectname)%00%(upstream:track)%00%(upstream:remotename)%00%(upstream:remoteref) refs/heads/main refs/remotes/main [1ms]
2025-02-07 21:03:07.651 [info] > git for-each-ref --sort -committerdate --format %(refname) %(objectname) %(*objectname) [1ms]
2025-02-07 21:03:07.661 [info] > git status -z -uall [15ms]
2025-02-07 21:03:12.672 [info] > git config --get commit.template [3ms]
2025-02-07 21:03:12.674 [info] > git for-each-ref --format=%(refname)%00%(upstream:short)%00%(objectname)%00%(upstream:track)%00%(upstream:remotename)%00%(upstream:remoteref) refs/heads/main refs/remotes/main [1ms]
2025-02-07 21:03:12.681 [info] > git for-each-ref --sort -committerdate --format %(refname) %(objectname) %(*objectname) [2ms]
2025-02-07 21:03:12.692 [info] > git status -z -uall [16ms]
2025-02-07 21:03:17.702 [info] > git config --get commit.template [4ms]
2025-02-07 21:03:17.703 [info] > git for-each-ref --format=%(refname)%00%(upstream:short)%00%(objectname)%00%(upstream:track)%00%(upstream:remotename)%00%(upstream:remoteref) refs/heads/main refs/remotes/main [2ms]
2025-02-07 21:03:17.711 [info] > git for-each-ref --sort -committerdate --format %(refname) %(objectname) %(*objectname) [0ms]
2025-02-07 21:03:17.721 [info] > git status -z -uall [15ms]
2025-02-07 21:03:25.495 [info] > git config --get commit.template [3ms]
2025-02-07 21:03:25.496 [info] > git for-each-ref --format=%(refname)%00%(upstream:short)%00%(objectname)%00%(upstream:track)%00%(upstream:remotename)%00%(upstream:remoteref) refs/heads/main refs/remotes/main [2ms]
2025-02-07 21:03:25.504 [info] > git for-each-ref --sort -committerdate --format %(refname) %(objectname) %(*objectname) [1ms]
2025-02-07 21:03:25.514 [info] > git status -z -uall [15ms]
2025-02-07 21:03:30.523 [info] > git config --get commit.template [3ms]
2025-02-07 21:03:30.524 [info] > git for-each-ref --format=%(refname)%00%(upstream:short)%00%(objectname)%00%(upstream:track)%00%(upstream:remotename)%00%(upstream:remoteref) refs/heads/main refs/remotes/main [2ms]
2025-02-07 21:03:30.532 [info] > git for-each-ref --sort -committerdate --format %(refname) %(objectname) %(*objectname) [2ms]
2025-02-07 21:03:30.541 [info] > git status -z -uall [14ms]
2025-02-07 21:03:35.550 [info] > git config --get commit.template [3ms]
2025-02-07 21:03:35.551 [info] > git for-each-ref --format=%(refname)%00%(upstream:short)%00%(objectname)%00%(upstream:track)%00%(upstream:remotename)%00%(upstream:remoteref) refs/heads/main refs/remotes/main [2ms]
2025-02-07 21:03:35.558 [info] > git for-each-ref --sort -committerdate --format %(refname) %(objectname) %(*objectname) [1ms]
2025-02-07 21:03:35.568 [info] > git status -z -uall [15ms]
2025-02-07 21:04:10.334 [info] > git config --get commit.template [4ms]
2025-02-07 21:04:10.335 [info] > git for-each-ref --format=%(refname)%00%(upstream:short)%00%(objectname)%00%(upstream:track)%00%(upstream:remotename)%00%(upstream:remoteref) refs/heads/main refs/remotes/main [2ms]
2025-02-07 21:04:10.342 [info] > git for-each-ref --sort -committerdate --format %(refname) %(objectname) %(*objectname) [0ms]
2025-02-07 21:04:10.352 [info] > git status -z -uall [14ms]
2025-02-07 21:04:15.361 [info] > git config --get commit.template [3ms]
2025-02-07 21:04:15.363 [info] > git for-each-ref --format=%(refname)%00%(upstream:short)%00%(objectname)%00%(upstream:track)%00%(upstream:remotename)%00%(upstream:remoteref) refs/heads/main refs/remotes/main [1ms]
2025-02-07 21:04:15.371 [info] > git for-each-ref --sort -committerdate --format %(refname) %(objectname) %(*objectname) [1ms]
2025-02-07 21:04:15.381 [info] > git status -z -uall [15ms]
2025-02-07 21:04:20.390 [info] > git config --get commit.template [3ms]
2025-02-07 21:04:20.391 [info] > git for-each-ref --format=%(refname)%00%(upstream:short)%00%(objectname)%00%(upstream:track)%00%(upstream:remotename)%00%(upstream:remoteref) refs/heads/main refs/remotes/main [2ms]
2025-02-07 21:04:20.399 [info] > git for-each-ref --sort -committerdate --format %(refname) %(objectname) %(*objectname) [0ms]
2025-02-07 21:04:20.409 [info] > git status -z -uall [15ms]
2025-02-07 21:04:25.418 [info] > git config --get commit.template [3ms]
2025-02-07 21:04:25.419 [info] > git for-each-ref --format=%(refname)%00%(upstream:short)%00%(objectname)%00%(upstream:track)%00%(upstream:remotename)%00%(upstream:remoteref) refs/heads/main refs/remotes/main [2ms]
2025-02-07 21:04:25.426 [info] > git for-each-ref --sort -committerdate --format %(refname) %(objectname) %(*objectname) [0ms]
2025-02-07 21:04:25.437 [info] > git status -z -uall [14ms]
2025-02-07 21:04:30.444 [info] > git config --get commit.template [1ms]
2025-02-07 21:04:30.448 [info] > git for-each-ref --format=%(refname)%00%(upstream:short)%00%(objectname)%00%(upstream:track)%00%(upstream:remotename)%00%(upstream:remoteref) refs/heads/main refs/remotes/main [1ms]
2025-02-07 21:04:30.456 [info] > git for-each-ref --sort -committerdate --format %(refname) %(objectname) %(*objectname) [1ms]
2025-02-07 21:04:30.466 [info] > git status -z -uall [15ms]
2025-02-07 21:04:35.477 [info] > git config --get commit.template [3ms]
2025-02-07 21:04:35.477 [info] > git for-each-ref --format=%(refname)%00%(upstream:short)%00%(objectname)%00%(upstream:track)%00%(upstream:remotename)%00%(upstream:remoteref) refs/heads/main refs/remotes/main [1ms]
2025-02-07 21:04:35.486 [info] > git for-each-ref --sort -committerdate --format %(refname) %(objectname) %(*objectname) [2ms]
2025-02-07 21:04:35.495 [info] > git status -z -uall [15ms]
2025-02-07 21:04:47.189 [info] > git config --get commit.template [4ms]
2025-02-07 21:04:47.190 [info] > git for-each-ref --format=%(refname)%00%(upstream:short)%00%(objectname)%00%(upstream:track)%00%(upstream:remotename)%00%(upstream:remoteref) refs/heads/main refs/remotes/main [2ms]
2025-02-07 21:04:47.198 [info] > git for-each-ref --sort -committerdate --format %(refname) %(objectname) %(*objectname) [1ms]
2025-02-07 21:04:47.208 [info] > git status -z -uall [15ms]
2025-02-07 21:05:13.556 [info] > git config --get commit.template [3ms]
2025-02-07 21:05:13.558 [info] > git for-each-ref --format=%(refname)%00%(upstream:short)%00%(objectname)%00%(upstream:track)%00%(upstream:remotename)%00%(upstream:remoteref) refs/heads/main refs/remotes/main [2ms]
2025-02-07 21:05:13.565 [info] > git for-each-ref --sort -committerdate --format %(refname) %(objectname) %(*objectname) [2ms]
2025-02-07 21:05:13.576 [info] > git status -z -uall [16ms]
2025-02-07 21:05:18.587 [info] > git config --get commit.template [4ms]
2025-02-07 21:05:18.588 [info] > git for-each-ref --format=%(refname)%00%(upstream:short)%00%(objectname)%00%(upstream:track)%00%(upstream:remotename)%00%(upstream:remoteref) refs/heads/main refs/remotes/main [2ms]
2025-02-07 21:05:18.595 [info] > git for-each-ref --sort -committerdate --format %(refname) %(objectname) %(*objectname) [2ms]
2025-02-07 21:05:18.606 [info] > git status -z -uall [15ms]
2025-02-07 21:06:29.617 [info] > git config --get commit.template [3ms]
2025-02-07 21:06:29.618 [info] > git for-each-ref --format=%(refname)%00%(upstream:short)%00%(objectname)%00%(upstream:track)%00%(upstream:remotename)%00%(upstream:remoteref) refs/heads/main refs/remotes/main [1ms]
2025-02-07 21:06:29.625 [info] > git for-each-ref --sort -committerdate --format %(refname) %(objectname) %(*objectname) [0ms]
2025-02-07 21:06:29.636 [info] > git status -z -uall [15ms]
2025-02-07 21:06:34.646 [info] > git config --get commit.template [3ms]
2025-02-07 21:06:34.647 [info] > git for-each-ref --format=%(refname)%00%(upstream:short)%00%(objectname)%00%(upstream:track)%00%(upstream:remotename)%00%(upstream:remoteref) refs/heads/main refs/remotes/main [2ms]
2025-02-07 21:06:34.654 [info] > git for-each-ref --sort -committerdate --format %(refname) %(objectname) %(*objectname) [1ms]
2025-02-07 21:06:34.664 [info] > git status -z -uall [15ms]
2025-02-07 21:06:39.675 [info] > git config --get commit.template [5ms]
2025-02-07 21:06:39.675 [info] > git for-each-ref --format=%(refname)%00%(upstream:short)%00%(objectname)%00%(upstream:track)%00%(upstream:remotename)%00%(upstream:remoteref) refs/heads/main refs/remotes/main [1ms]
2025-02-07 21:06:39.683 [info] > git for-each-ref --sort -committerdate --format %(refname) %(objectname) %(*objectname) [1ms]
2025-02-07 21:06:39.692 [info] > git status -z -uall [14ms]
2025-02-07 21:06:44.701 [info] > git config --get commit.template [1ms]
2025-02-07 21:06:44.704 [info] > git for-each-ref --format=%(refname)%00%(upstream:short)%00%(objectname)%00%(upstream:track)%00%(upstream:remotename)%00%(upstream:remoteref) refs/heads/main refs/remotes/main [1ms]
2025-02-07 21:06:44.713 [info] > git for-each-ref --sort -committerdate --format %(refname) %(objectname) %(*objectname) [1ms]
2025-02-07 21:06:44.723 [info] > git status -z -uall [16ms]
2025-02-07 21:06:49.732 [info] > git config --get commit.template [2ms]
2025-02-07 21:06:49.733 [info] > git for-each-ref --format=%(refname)%00%(upstream:short)%00%(objectname)%00%(upstream:track)%00%(upstream:remotename)%00%(upstream:remoteref) refs/heads/main refs/remotes/main [2ms]
2025-02-07 21:06:49.741 [info] > git for-each-ref --sort -committerdate --format %(refname) %(objectname) %(*objectname) [1ms]
2025-02-07 21:06:49.750 [info] > git status -z -uall [15ms]
2025-02-07 21:06:55.629 [info] > git config --get commit.template [3ms]
2025-02-07 21:06:55.630 [info] > git for-each-ref --format=%(refname)%00%(upstream:short)%00%(objectname)%00%(upstream:track)%00%(upstream:remotename)%00%(upstream:remoteref) refs/heads/main refs/remotes/main [2ms]
2025-02-07 21:06:55.637 [info] > git for-each-ref --sort -committerdate --format %(refname) %(objectname) %(*objectname) [1ms]
2025-02-07 21:06:55.647 [info] > git status -z -uall [15ms]
2025-02-07 21:07:00.656 [info] > git config --get commit.template [3ms]
2025-02-07 21:07:00.657 [info] > git for-each-ref --format=%(refname)%00%(upstream:short)%00%(objectname)%00%(upstream:track)%00%(upstream:remotename)%00%(upstream:remoteref) refs/heads/main refs/remotes/main [2ms]
2025-02-07 21:07:00.665 [info] > git for-each-ref --sort -committerdate --format %(refname) %(objectname) %(*objectname) [1ms]
2025-02-07 21:07:00.675 [info] > git status -z -uall [15ms]
2025-02-07 21:07:05.685 [info] > git config --get commit.template [4ms]
2025-02-07 21:07:05.686 [info] > git for-each-ref --format=%(refname)%00%(upstream:short)%00%(objectname)%00%(upstream:track)%00%(upstream:remotename)%00%(upstream:remoteref) refs/heads/main refs/remotes/main [2ms]
2025-02-07 21:07:05.694 [info] > git for-each-ref --sort -committerdate --format %(refname) %(objectname) %(*objectname) [1ms]
2025-02-07 21:07:05.705 [info] > git status -z -uall [16ms]
2025-02-07 21:07:10.713 [info] > git config --get commit.template [1ms]
2025-02-07 21:07:10.716 [info] > git for-each-ref --format=%(refname)%00%(upstream:short)%00%(objectname)%00%(upstream:track)%00%(upstream:remotename)%00%(upstream:remoteref) refs/heads/main refs/remotes/main [1ms]
2025-02-07 21:07:10.724 [info] > git for-each-ref --sort -committerdate --format %(refname) %(objectname) %(*objectname) [1ms]
2025-02-07 21:07:10.735 [info] > git status -z -uall [16ms]
2025-02-07 21:07:17.974 [info] > git config --get commit.template [1ms]
2025-02-07 21:07:17.977 [info] > git for-each-ref --format=%(refname)%00%(upstream:short)%00%(objectname)%00%(upstream:track)%00%(upstream:remotename)%00%(upstream:remoteref) refs/heads/main refs/remotes/main [1ms]
2025-02-07 21:07:17.985 [info] > git for-each-ref --sort -committerdate --format %(refname) %(objectname) %(*objectname) [1ms]
2025-02-07 21:07:17.995 [info] > git status -z -uall [15ms]
2025-02-07 21:07:23.004 [info] > git config --get commit.template [3ms]
2025-02-07 21:07:23.005 [info] > git for-each-ref --format=%(refname)%00%(upstream:short)%00%(objectname)%00%(upstream:track)%00%(upstream:remotename)%00%(upstream:remoteref) refs/heads/main refs/remotes/main [1ms]
2025-02-07 21:07:23.014 [info] > git for-each-ref --sort -committerdate --format %(refname) %(objectname) %(*objectname) [2ms]
2025-02-07 21:07:23.023 [info] > git status -z -uall [15ms]
2025-02-07 21:07:28.031 [info] > git config --get commit.template [3ms]
2025-02-07 21:07:28.032 [info] > git for-each-ref --format=%(refname)%00%(upstream:short)%00%(objectname)%00%(upstream:track)%00%(upstream:remotename)%00%(upstream:remoteref) refs/heads/main refs/remotes/main [1ms]
2025-02-07 21:07:28.039 [info] > git for-each-ref --sort -committerdate --format %(refname) %(objectname) %(*objectname) [2ms]
2025-02-07 21:07:28.050 [info] > git status -z -uall [15ms]
