2025-02-24 01:32:47.490 [info] Extension host with pid 1274 started
2025-02-24 01:32:47.490 [error] Error: EEXIST: file already exists, open '/home/student/.vscode-server/data/User/workspaceStorage/f21b5a8cedd66727cd298a5fb4fc6aaa/vscode.lock'
2025-02-24 01:32:47.492 [info] Lock '/home/student/.vscode-server/data/User/workspaceStorage/f21b5a8cedd66727cd298a5fb4fc6aaa/vscode.lock': Could not acquire lock, checking if the file is stale.
2025-02-24 01:32:47.497 [info] Lock '/home/student/.vscode-server/data/User/workspaceStorage/f21b5a8cedd66727cd298a5fb4fc6aaa/vscode.lock': The pid 1232 appears to be gone.
2025-02-24 01:32:47.497 [info] Lock '/home/student/.vscode-server/data/User/workspaceStorage/f21b5a8cedd66727cd298a5fb4fc6aaa/vscode.lock': Deleting a stale lock.
2025-02-24 01:32:47.508 [info] Lock '/home/student/.vscode-server/data/User/workspaceStorage/f21b5a8cedd66727cd298a5fb4fc6aaa/vscode.lock': Lock acquired.
2025-02-24 01:32:47.646 [info] ExtensionService#_doActivateExtension vscode.git-base, startup: false, activationEvent: '*', root cause: vscode.git
2025-02-24 01:32:47.647 [info] ExtensionService#_doActivateExtension vscode.emmet, startup: false, activationEvent: 'onLanguage'
2025-02-24 01:32:47.794 [info] ExtensionService#_doActivateExtension vscode.git, startup: false, activationEvent: '*'
2025-02-24 01:32:47.794 [info] ExtensionService#_doActivateExtension vscode.github, startup: false, activationEvent: '*'
2025-02-24 01:32:48.107 [info] Eager extensions activated
2025-02-24 01:32:48.107 [info] ExtensionService#_doActivateExtension vscode.debug-auto-launch, startup: false, activationEvent: 'onStartupFinished'
2025-02-24 01:32:48.108 [info] ExtensionService#_doActivateExtension vscode.merge-conflict, startup: false, activationEvent: 'onStartupFinished'
2025-02-24 01:32:48.477 [warning] [Decorations] CAPPING events from decorations provider vscode.git 3195
2025-02-24 01:32:49.162 [warning] [Decorations] CAPPING events from decorations provider vscode.git 3195
2025-02-24 01:32:51.965 [warning] [Decorations] CAPPING events from decorations provider vscode.git 3195
2025-02-24 01:32:57.053 [warning] [Decorations] CAPPING events from decorations provider vscode.git 3195
2025-02-24 01:33:02.167 [warning] [Decorations] CAPPING events from decorations provider vscode.git 3195
2025-02-24 01:33:08.794 [warning] [Decorations] CAPPING events from decorations provider vscode.git 3195
2025-02-24 01:33:13.881 [warning] [Decorations] CAPPING events from decorations provider vscode.git 3195
2025-02-24 01:33:21.898 [warning] [Decorations] CAPPING events from decorations provider vscode.git 3195
2025-02-24 01:33:29.758 [warning] [Decorations] CAPPING events from decorations provider vscode.git 3195
2025-02-24 01:33:34.846 [warning] [Decorations] CAPPING events from decorations provider vscode.git 3196
2025-02-24 01:34:09.509 [warning] [Decorations] CAPPING events from decorations provider vscode.git 3197
2025-02-24 01:34:14.404 [info] ExtensionService#_doActivateExtension vscode.npm, startup: false, activationEvent: 'onTerminalQuickFixRequest:ms-vscode.npm-command'
2025-02-24 01:34:14.601 [warning] [Decorations] CAPPING events from decorations provider vscode.git 3196
2025-02-24 01:34:19.688 [warning] [Decorations] CAPPING events from decorations provider vscode.git 3196
2025-02-24 01:34:20.728 [info] ExtensionService#_doActivateExtension vscode.configuration-editing, startup: false, activationEvent: 'onLanguage:json'
2025-02-24 01:34:20.728 [info] ExtensionService#_doActivateExtension vscode.extension-editing, startup: false, activationEvent: 'onLanguage:json'
2025-02-24 01:34:20.729 [info] ExtensionService#_doActivateExtension vscode.json-language-features, startup: false, activationEvent: 'onLanguage:json'
2025-02-24 01:34:24.777 [warning] [Decorations] CAPPING events from decorations provider vscode.git 3197
2025-02-24 01:34:29.860 [warning] [Decorations] CAPPING events from decorations provider vscode.git 3197
2025-02-24 01:34:34.945 [warning] [Decorations] CAPPING events from decorations provider vscode.git 3197
2025-02-24 01:34:40.031 [warning] [Decorations] CAPPING events from decorations provider vscode.git 3197
2025-02-24 01:34:45.114 [warning] [Decorations] CAPPING events from decorations provider vscode.git 3198
2025-02-24 01:34:50.198 [warning] [Decorations] CAPPING events from decorations provider vscode.git 3197
2025-02-24 01:34:55.283 [warning] [Decorations] CAPPING events from decorations provider vscode.git 3197
2025-02-24 01:35:00.366 [warning] [Decorations] CAPPING events from decorations provider vscode.git 3197
2025-02-24 01:35:05.450 [warning] [Decorations] CAPPING events from decorations provider vscode.git 3197
2025-02-24 01:35:10.537 [warning] [Decorations] CAPPING events from decorations provider vscode.git 3197
2025-02-24 01:35:15.629 [warning] [Decorations] CAPPING events from decorations provider vscode.git 3197
2025-02-24 01:35:20.717 [warning] [Decorations] CAPPING events from decorations provider vscode.git 3197
2025-02-24 01:35:25.799 [warning] [Decorations] CAPPING events from decorations provider vscode.git 3197
2025-02-24 01:35:30.886 [warning] [Decorations] CAPPING events from decorations provider vscode.git 3197
2025-02-24 01:35:35.970 [warning] [Decorations] CAPPING events from decorations provider vscode.git 3197
2025-02-24 01:35:41.056 [warning] [Decorations] CAPPING events from decorations provider vscode.git 3197
2025-02-24 01:35:46.137 [warning] [Decorations] CAPPING events from decorations provider vscode.git 3197
2025-02-24 01:35:51.226 [warning] [Decorations] CAPPING events from decorations provider vscode.git 3197
2025-02-24 01:35:59.296 [warning] [Decorations] CAPPING events from decorations provider vscode.git 3197
2025-02-24 01:36:19.094 [warning] [Decorations] CAPPING events from decorations provider vscode.git 3197
2025-02-24 01:36:24.181 [warning] [Decorations] CAPPING events from decorations provider vscode.git 3197
2025-02-24 01:36:41.385 [warning] [Decorations] CAPPING events from decorations provider vscode.git 3197
2025-02-24 01:36:46.479 [warning] [Decorations] CAPPING events from decorations provider vscode.git 3197
2025-02-24 01:36:51.567 [warning] [Decorations] CAPPING events from decorations provider vscode.git 3197
2025-02-24 01:37:02.758 [warning] [Decorations] CAPPING events from decorations provider vscode.git 3197
2025-02-24 01:37:07.846 [warning] [Decorations] CAPPING events from decorations provider vscode.git 3197
2025-02-24 01:37:12.930 [warning] [Decorations] CAPPING events from decorations provider vscode.git 3197
2025-02-24 01:37:22.425 [warning] [Decorations] CAPPING events from decorations provider vscode.git 3197
2025-02-24 01:37:44.581 [warning] [Decorations] CAPPING events from decorations provider vscode.git 3197
2025-02-24 01:37:49.668 [warning] [Decorations] CAPPING events from decorations provider vscode.git 3197
2025-02-24 01:37:54.749 [warning] [Decorations] CAPPING events from decorations provider vscode.git 3197
2025-02-24 01:38:59.773 [warning] [Decorations] CAPPING events from decorations provider vscode.git 3197
2025-02-24 01:39:35.617 [warning] [Decorations] CAPPING events from decorations provider vscode.git 3197
2025-02-24 01:39:44.304 [warning] [Decorations] CAPPING events from decorations provider vscode.git 3197
2025-02-24 01:39:49.389 [warning] [Decorations] CAPPING events from decorations provider vscode.git 3197
2025-02-24 01:39:54.478 [warning] [Decorations] CAPPING events from decorations provider vscode.git 3198
2025-02-24 01:39:59.561 [warning] [Decorations] CAPPING events from decorations provider vscode.git 3197
2025-02-24 01:40:05.545 [warning] [Decorations] CAPPING events from decorations provider vscode.git 3197
2025-02-24 01:40:19.476 [warning] [Decorations] CAPPING events from decorations provider vscode.git 3197
2025-02-24 01:40:36.701 [warning] [Decorations] CAPPING events from decorations provider vscode.git 3197
2025-02-24 01:40:41.792 [warning] [Decorations] CAPPING events from decorations provider vscode.git 3197
2025-02-24 01:41:08.118 [warning] [Decorations] CAPPING events from decorations provider vscode.git 3197
2025-02-24 01:41:13.211 [warning] [Decorations] CAPPING events from decorations provider vscode.git 3197
2025-02-24 01:41:18.298 [warning] [Decorations] CAPPING events from decorations provider vscode.git 3197
2025-02-24 01:41:23.401 [warning] [Decorations] CAPPING events from decorations provider vscode.git 3197
2025-02-24 01:41:28.485 [warning] [Decorations] CAPPING events from decorations provider vscode.git 3197
2025-02-24 01:41:33.573 [warning] [Decorations] CAPPING events from decorations provider vscode.git 3197
2025-02-24 01:41:38.659 [warning] [Decorations] CAPPING events from decorations provider vscode.git 3197
2025-02-24 01:41:51.003 [warning] [Decorations] CAPPING events from decorations provider vscode.git 3197
2025-02-24 01:41:56.091 [warning] [Decorations] CAPPING events from decorations provider vscode.git 3197
2025-02-24 01:42:01.176 [warning] [Decorations] CAPPING events from decorations provider vscode.git 3197
2025-02-24 01:42:34.290 [warning] [Decorations] CAPPING events from decorations provider vscode.git 3197
2025-02-24 01:42:39.374 [warning] [Decorations] CAPPING events from decorations provider vscode.git 3197
2025-02-24 01:42:44.466 [warning] [Decorations] CAPPING events from decorations provider vscode.git 3197
2025-02-24 01:42:55.047 [warning] [Decorations] CAPPING events from decorations provider vscode.git 3197
2025-02-24 01:43:02.146 [warning] [Decorations] CAPPING events from decorations provider vscode.git 3197
2025-02-24 01:43:07.227 [warning] [Decorations] CAPPING events from decorations provider vscode.git 3197
2025-02-24 01:43:12.310 [warning] [Decorations] CAPPING events from decorations provider vscode.git 3198
2025-02-24 01:43:17.397 [warning] [Decorations] CAPPING events from decorations provider vscode.git 3197
2025-02-24 01:43:43.843 [warning] [Decorations] CAPPING events from decorations provider vscode.git 3197
2025-02-24 01:44:01.878 [warning] [Decorations] CAPPING events from decorations provider vscode.git 3197
2025-02-24 01:44:06.964 [warning] [Decorations] CAPPING events from decorations provider vscode.git 3197
2025-02-24 01:47:02.134 [warning] [Decorations] CAPPING events from decorations provider vscode.git 3197
2025-02-24 01:48:03.704 [warning] [Decorations] CAPPING events from decorations provider vscode.git 3197
2025-02-24 01:48:27.463 [warning] [Decorations] CAPPING events from decorations provider vscode.git 3197
2025-02-24 01:48:32.558 [warning] [Decorations] CAPPING events from decorations provider vscode.git 3198
2025-02-24 01:48:37.660 [warning] [Decorations] CAPPING events from decorations provider vscode.git 3198
2025-02-24 01:48:42.753 [warning] [Decorations] CAPPING events from decorations provider vscode.git 3198
2025-02-24 01:48:58.176 [warning] [Decorations] CAPPING events from decorations provider vscode.git 3198
2025-02-24 01:49:03.261 [warning] [Decorations] CAPPING events from decorations provider vscode.git 3198
2025-02-24 01:49:08.349 [warning] [Decorations] CAPPING events from decorations provider vscode.git 3198
2025-02-24 01:49:13.440 [warning] [Decorations] CAPPING events from decorations provider vscode.git 3198
2025-02-24 01:49:20.400 [warning] [Decorations] CAPPING events from decorations provider vscode.git 3198
2025-02-24 01:49:25.484 [warning] [Decorations] CAPPING events from decorations provider vscode.git 3198
2025-02-24 01:49:30.566 [warning] [Decorations] CAPPING events from decorations provider vscode.git 3198
2025-02-24 01:49:35.658 [warning] [Decorations] CAPPING events from decorations provider vscode.git 3198
2025-02-24 01:49:40.744 [warning] [Decorations] CAPPING events from decorations provider vscode.git 3198
2025-02-24 01:49:45.836 [warning] [Decorations] CAPPING events from decorations provider vscode.git 3199
2025-02-24 01:49:54.497 [warning] [Decorations] CAPPING events from decorations provider vscode.git 3199
2025-02-24 01:49:59.583 [warning] [Decorations] CAPPING events from decorations provider vscode.git 3199
2025-02-24 01:50:04.669 [warning] [Decorations] CAPPING events from decorations provider vscode.git 3199
2025-02-24 01:50:14.859 [warning] [Decorations] CAPPING events from decorations provider vscode.git 3199
2025-02-24 01:50:43.660 [warning] [Decorations] CAPPING events from decorations provider vscode.git 3199
2025-02-24 01:51:23.378 [warning] [Decorations] CAPPING events from decorations provider vscode.git 3199
2025-02-24 01:51:28.474 [warning] [Decorations] CAPPING events from decorations provider vscode.git 3199
2025-02-24 01:51:33.577 [warning] [Decorations] CAPPING events from decorations provider vscode.git 3199
2025-02-24 01:51:38.665 [warning] [Decorations] CAPPING events from decorations provider vscode.git 3200
2025-02-24 01:52:24.593 [warning] [Decorations] CAPPING events from decorations provider vscode.git 3200
2025-02-24 01:52:29.682 [warning] [Decorations] CAPPING events from decorations provider vscode.git 3200
2025-02-24 01:52:34.811 [warning] [Decorations] CAPPING events from decorations provider vscode.git 3200
2025-02-24 01:52:52.107 [warning] [Decorations] CAPPING events from decorations provider vscode.git 3200
2025-02-24 01:52:57.192 [warning] [Decorations] CAPPING events from decorations provider vscode.git 3200
2025-02-24 01:54:47.855 [warning] [Decorations] CAPPING events from decorations provider vscode.git 3200
2025-02-24 01:54:52.945 [warning] [Decorations] CAPPING events from decorations provider vscode.git 3200
2025-02-24 01:54:58.493 [warning] [Decorations] CAPPING events from decorations provider vscode.git 3200
2025-02-24 01:55:03.615 [warning] [Decorations] CAPPING events from decorations provider vscode.git 3202
2025-02-24 01:55:08.698 [warning] [Decorations] CAPPING events from decorations provider vscode.git 3202
2025-02-24 01:55:13.785 [warning] [Decorations] CAPPING events from decorations provider vscode.git 3202
2025-02-24 01:55:18.871 [warning] [Decorations] CAPPING events from decorations provider vscode.git 3202
2025-02-24 01:55:25.660 [warning] [Decorations] CAPPING events from decorations provider vscode.git 3202
2025-02-24 01:55:30.742 [warning] [Decorations] CAPPING events from decorations provider vscode.git 3202
2025-02-24 01:55:35.827 [warning] [Decorations] CAPPING events from decorations provider vscode.git 3202
2025-02-24 01:55:40.913 [warning] [Decorations] CAPPING events from decorations provider vscode.git 3202
2025-02-24 01:55:47.636 [warning] [Decorations] CAPPING events from decorations provider vscode.git 3202
2025-02-24 01:55:52.718 [warning] [Decorations] CAPPING events from decorations provider vscode.git 3202
2025-02-24 01:56:19.471 [warning] [Decorations] CAPPING events from decorations provider vscode.git 3202
2025-02-24 01:56:33.223 [warning] [Decorations] CAPPING events from decorations provider vscode.git 3202
2025-02-24 01:56:38.310 [warning] [Decorations] CAPPING events from decorations provider vscode.git 3202
2025-02-24 01:56:43.622 [warning] [Decorations] CAPPING events from decorations provider vscode.git 3202
2025-02-24 01:56:50.772 [warning] [Decorations] CAPPING events from decorations provider vscode.git 3204
2025-02-24 01:56:55.863 [warning] [Decorations] CAPPING events from decorations provider vscode.git 3204
2025-02-24 01:57:14.323 [warning] [Decorations] CAPPING events from decorations provider vscode.git 3204
2025-02-24 01:57:19.408 [warning] [Decorations] CAPPING events from decorations provider vscode.git 3204
2025-02-24 01:57:24.494 [warning] [Decorations] CAPPING events from decorations provider vscode.git 3204
2025-02-24 01:57:29.577 [warning] [Decorations] CAPPING events from decorations provider vscode.git 3204
2025-02-24 01:57:51.518 [warning] [Decorations] CAPPING events from decorations provider vscode.git 3204
2025-02-24 01:57:56.607 [warning] [Decorations] CAPPING events from decorations provider vscode.git 3204
2025-02-24 01:58:01.693 [warning] [Decorations] CAPPING events from decorations provider vscode.git 3204
2025-02-24 01:58:06.773 [warning] [Decorations] CAPPING events from decorations provider vscode.git 3206
2025-02-24 01:58:36.329 [warning] [Decorations] CAPPING events from decorations provider vscode.git 3206
2025-02-24 01:58:41.415 [warning] [Decorations] CAPPING events from decorations provider vscode.git 3206
2025-02-24 01:58:46.494 [warning] [Decorations] CAPPING events from decorations provider vscode.git 3206
2025-02-24 01:58:51.589 [warning] [Decorations] CAPPING events from decorations provider vscode.git 3206
2025-02-24 01:58:56.671 [warning] [Decorations] CAPPING events from decorations provider vscode.git 3206
2025-02-24 01:59:20.251 [warning] [Decorations] CAPPING events from decorations provider vscode.git 3206
2025-02-24 01:59:25.345 [warning] [Decorations] CAPPING events from decorations provider vscode.git 3206
2025-02-24 01:59:30.434 [warning] [Decorations] CAPPING events from decorations provider vscode.git 3206
2025-02-24 01:59:35.518 [warning] [Decorations] CAPPING events from decorations provider vscode.git 3206
2025-02-24 01:59:54.301 [warning] [Decorations] CAPPING events from decorations provider vscode.git 3206
2025-02-24 01:59:59.387 [warning] [Decorations] CAPPING events from decorations provider vscode.git 3206
2025-02-24 02:00:06.878 [warning] [Decorations] CAPPING events from decorations provider vscode.git 3206
2025-02-24 02:00:11.975 [warning] [Decorations] CAPPING events from decorations provider vscode.git 3206
2025-02-24 02:00:26.279 [warning] [Decorations] CAPPING events from decorations provider vscode.git 3206
2025-02-24 02:00:31.370 [warning] [Decorations] CAPPING events from decorations provider vscode.git 3206
2025-02-24 02:00:36.464 [warning] [Decorations] CAPPING events from decorations provider vscode.git 3206
2025-02-24 02:00:41.555 [warning] [Decorations] CAPPING events from decorations provider vscode.git 3206
2025-02-24 02:00:46.645 [warning] [Decorations] CAPPING events from decorations provider vscode.git 3206
2025-02-24 02:00:51.735 [warning] [Decorations] CAPPING events from decorations provider vscode.git 3206
2025-02-24 02:01:24.801 [warning] [Decorations] CAPPING events from decorations provider vscode.git 3206
2025-02-24 02:02:46.689 [warning] [Decorations] CAPPING events from decorations provider vscode.git 3206
2025-02-24 02:02:51.778 [warning] [Decorations] CAPPING events from decorations provider vscode.git 3206
2025-02-24 02:02:59.748 [warning] [Decorations] CAPPING events from decorations provider vscode.git 3210
2025-02-24 02:03:04.836 [warning] [Decorations] CAPPING events from decorations provider vscode.git 3207
2025-02-24 02:03:09.921 [warning] [Decorations] CAPPING events from decorations provider vscode.git 3207
2025-02-24 02:03:17.826 [warning] [Decorations] CAPPING events from decorations provider vscode.git 3207
2025-02-24 02:03:22.906 [warning] [Decorations] CAPPING events from decorations provider vscode.git 3207
2025-02-24 02:03:45.721 [warning] [Decorations] CAPPING events from decorations provider vscode.git 3207
2025-02-24 02:03:50.813 [warning] [Decorations] CAPPING events from decorations provider vscode.git 3207
2025-02-24 02:03:55.910 [warning] [Decorations] CAPPING events from decorations provider vscode.git 3207
2025-02-24 02:05:13.895 [warning] [Decorations] CAPPING events from decorations provider vscode.git 3207
2025-02-24 02:05:19.000 [warning] [Decorations] CAPPING events from decorations provider vscode.git 3207
2025-02-24 02:05:42.341 [warning] [Decorations] CAPPING events from decorations provider vscode.git 3207
2025-02-24 02:05:47.439 [warning] [Decorations] CAPPING events from decorations provider vscode.git 3206
2025-02-24 02:05:52.562 [warning] [Decorations] CAPPING events from decorations provider vscode.git 3206
2025-02-24 02:05:57.650 [warning] [Decorations] CAPPING events from decorations provider vscode.git 3206
2025-02-24 02:06:02.740 [warning] [Decorations] CAPPING events from decorations provider vscode.git 3206
2025-02-24 02:06:07.864 [warning] [Decorations] CAPPING events from decorations provider vscode.git 3206
2025-02-24 02:06:12.957 [warning] [Decorations] CAPPING events from decorations provider vscode.git 3206
2025-02-24 02:06:18.043 [warning] [Decorations] CAPPING events from decorations provider vscode.git 3206
2025-02-24 02:06:38.781 [warning] [Decorations] CAPPING events from decorations provider vscode.git 3206
2025-02-24 02:06:43.878 [warning] [Decorations] CAPPING events from decorations provider vscode.git 3206
2025-02-24 02:06:48.967 [warning] [Decorations] CAPPING events from decorations provider vscode.git 3206
2025-02-24 02:06:54.053 [warning] [Decorations] CAPPING events from decorations provider vscode.git 3206
2025-02-24 02:06:59.141 [warning] [Decorations] CAPPING events from decorations provider vscode.git 3206
2025-02-24 02:07:04.224 [warning] [Decorations] CAPPING events from decorations provider vscode.git 3206
2025-02-24 02:07:09.309 [warning] [Decorations] CAPPING events from decorations provider vscode.git 3206
2025-02-24 02:07:27.394 [warning] [Decorations] CAPPING events from decorations provider vscode.git 3206
2025-02-24 02:07:32.489 [warning] [Decorations] CAPPING events from decorations provider vscode.git 3206
2025-02-24 02:07:37.576 [warning] [Decorations] CAPPING events from decorations provider vscode.git 3206
2025-02-24 02:07:42.663 [warning] [Decorations] CAPPING events from decorations provider vscode.git 3206
2025-02-24 02:07:49.388 [warning] [Decorations] CAPPING events from decorations provider vscode.git 3206
2025-02-24 02:07:54.480 [warning] [Decorations] CAPPING events from decorations provider vscode.git 3206
2025-02-24 02:07:59.831 [warning] [Decorations] CAPPING events from decorations provider vscode.git 3206
2025-02-24 02:08:04.918 [warning] [Decorations] CAPPING events from decorations provider vscode.git 3206
2025-02-24 02:08:10.005 [warning] [Decorations] CAPPING events from decorations provider vscode.git 3206
2025-02-24 02:08:15.095 [warning] [Decorations] CAPPING events from decorations provider vscode.git 3206
2025-02-24 02:08:20.178 [warning] [Decorations] CAPPING events from decorations provider vscode.git 3206
2025-02-24 02:08:25.267 [warning] [Decorations] CAPPING events from decorations provider vscode.git 3206
2025-02-24 02:08:30.354 [warning] [Decorations] CAPPING events from decorations provider vscode.git 3206
2025-02-24 02:08:35.439 [warning] [Decorations] CAPPING events from decorations provider vscode.git 3206
2025-02-24 02:08:40.522 [warning] [Decorations] CAPPING events from decorations provider vscode.git 3206
2025-02-24 02:08:59.101 [warning] [Decorations] CAPPING events from decorations provider vscode.git 3206
2025-02-24 02:10:13.602 [warning] [Decorations] CAPPING events from decorations provider vscode.git 3206
2025-02-24 02:10:18.689 [warning] [Decorations] CAPPING events from decorations provider vscode.git 3206
2025-02-24 02:10:29.773 [warning] [Decorations] CAPPING events from decorations provider vscode.git 3206
2025-02-24 02:10:34.891 [warning] [Decorations] CAPPING events from decorations provider vscode.git 3206
2025-02-24 02:10:39.978 [warning] [Decorations] CAPPING events from decorations provider vscode.git 3206
2025-02-24 02:10:45.068 [warning] [Decorations] CAPPING events from decorations provider vscode.git 3206
2025-02-24 02:10:50.482 [warning] [Decorations] CAPPING events from decorations provider vscode.git 3206
2025-02-24 02:10:55.569 [warning] [Decorations] CAPPING events from decorations provider vscode.git 3206
2025-02-24 02:11:07.747 [warning] [Decorations] CAPPING events from decorations provider vscode.git 3206
2025-02-24 02:11:18.811 [warning] [Decorations] CAPPING events from decorations provider vscode.git 3206
2025-02-24 02:11:23.896 [warning] [Decorations] CAPPING events from decorations provider vscode.git 3206
2025-02-24 02:11:32.684 [warning] [Decorations] CAPPING events from decorations provider vscode.git 3206
2025-02-24 02:11:42.815 [warning] [Decorations] CAPPING events from decorations provider vscode.git 3206
2025-02-24 02:11:47.910 [warning] [Decorations] CAPPING events from decorations provider vscode.git 3206
2025-02-24 02:11:57.817 [warning] [Decorations] CAPPING events from decorations provider vscode.git 3206
2025-02-24 02:12:03.325 [warning] [Decorations] CAPPING events from decorations provider vscode.git 3206
2025-02-24 02:12:08.414 [warning] [Decorations] CAPPING events from decorations provider vscode.git 3206
2025-02-24 02:12:13.501 [warning] [Decorations] CAPPING events from decorations provider vscode.git 3206
2025-02-24 02:12:21.286 [warning] [Decorations] CAPPING events from decorations provider vscode.git 3206
2025-02-24 02:12:41.978 [warning] [Decorations] CAPPING events from decorations provider vscode.git 3206
2025-02-24 02:12:47.065 [warning] [Decorations] CAPPING events from decorations provider vscode.git 3206
2025-02-24 02:13:14.129 [warning] [Decorations] CAPPING events from decorations provider vscode.git 3206
2025-02-24 02:13:19.944 [warning] [Decorations] CAPPING events from decorations provider vscode.git 3206
2025-02-24 02:13:25.032 [warning] [Decorations] CAPPING events from decorations provider vscode.git 3206
2025-02-24 02:13:30.117 [warning] [Decorations] CAPPING events from decorations provider vscode.git 3206
2025-02-24 02:13:57.351 [warning] [Decorations] CAPPING events from decorations provider vscode.git 3206
2025-02-24 02:14:02.436 [warning] [Decorations] CAPPING events from decorations provider vscode.git 3206
2025-02-24 02:14:07.520 [warning] [Decorations] CAPPING events from decorations provider vscode.git 3206
2025-02-24 02:15:47.472 [warning] [Decorations] CAPPING events from decorations provider vscode.git 3206
2025-02-24 02:15:52.565 [warning] [Decorations] CAPPING events from decorations provider vscode.git 3206
2025-02-24 02:15:57.687 [warning] [Decorations] CAPPING events from decorations provider vscode.git 3206
2025-02-24 02:16:02.803 [warning] [Decorations] CAPPING events from decorations provider vscode.git 3206
2025-02-24 02:16:10.962 [warning] [Decorations] CAPPING events from decorations provider vscode.git 3206
