2025-02-14 00:41:39.258 [info] [main] Log level: Info
2025-02-14 00:41:39.258 [info] [main] Validating found git in: "git"
2025-02-14 00:41:39.258 [info] [main] Using git "2.34.1" from "git"
2025-02-14 00:41:39.258 [info] [Model][doInitialScan] Initial repository scan started
2025-02-14 00:41:39.258 [info] > git rev-parse --show-toplevel [36ms]
2025-02-14 00:41:39.258 [info] > git rev-parse --git-dir --git-common-dir [2ms]
2025-02-14 00:41:39.258 [info] [Model][openRepository] Opened repository: /home/student
2025-02-14 00:41:39.258 [info] > git rev-parse --show-toplevel [4ms]
2025-02-14 00:41:39.258 [info] > git config --get commit.template [7ms]
2025-02-14 00:41:39.258 [info] > git rev-parse --show-toplevel [1ms]
2025-02-14 00:41:39.258 [info] > git rev-parse --show-toplevel [1ms]
2025-02-14 00:41:39.258 [info] > git rev-parse --show-toplevel [1ms]
2025-02-14 00:41:39.258 [info] > git rev-parse --show-toplevel [1ms]
2025-02-14 00:41:39.258 [info] [Model][doInitialScan] Initial repository scan completed - repositories (1), closed repositories (0), parent repositories (0), unsafe repositories (0)
2025-02-14 00:41:39.265 [info] > git for-each-ref --format=%(refname)%00%(upstream:short)%00%(objectname)%00%(upstream:track)%00%(upstream:remotename)%00%(upstream:remoteref) refs/heads/main refs/remotes/main [31ms]
2025-02-14 00:41:39.312 [info] > git for-each-ref --sort -committerdate --format %(refname) %(objectname) %(*objectname) [40ms]
2025-02-14 00:41:39.586 [info] > git status -z -uall [316ms]
2025-02-14 00:41:39.658 [info] > git for-each-ref --format=%(refname)%00%(upstream:short)%00%(objectname)%00%(upstream:track)%00%(upstream:remotename)%00%(upstream:remoteref) refs/heads/main refs/remotes/main [8ms]
2025-02-14 00:41:39.662 [info] > git config --get commit.template [4ms]
2025-02-14 00:41:39.662 [info] > git config --get --local branch.main.vscode-merge-base [2ms]
2025-02-14 00:41:39.662 [warning] [Git][config] git config failed: Failed to execute git
2025-02-14 00:41:39.668 [info] > git for-each-ref --format=%(refname)%00%(upstream:short)%00%(objectname)%00%(upstream:track)%00%(upstream:remotename)%00%(upstream:remoteref) refs/heads/main refs/remotes/main [1ms]
2025-02-14 00:41:39.675 [info] > git for-each-ref --sort -committerdate --format %(refname) %(objectname) %(*objectname) [1ms]
2025-02-14 00:41:39.678 [info] > git reflog main --grep-reflog=branch: Created from *. [13ms]
2025-02-14 00:41:39.685 [info] > git symbolic-ref --short refs/remotes/origin/HEAD [4ms]
2025-02-14 00:41:39.685 [info] fatal: ref refs/remotes/origin/HEAD is not a symbolic ref
2025-02-14 00:41:39.685 [warning] [Repository][getDefaultBranch] Failed to get default branch details: Failed to execute git.
2025-02-14 00:41:39.689 [info] > git merge-base refs/heads/main refs/remotes/origin/main [1ms]
2025-02-14 00:41:39.994 [info] > git status -z -uall [324ms]
2025-02-14 00:41:39.994 [info] > git show --textconv :ENGR212_Baltazar_Noah/Lab1.txt [11ms]
2025-02-14 00:41:39.994 [info] > git diff --name-status -z --diff-filter=ADMR 24b49ff8adba11cb8a570c1f8cd8e1e9e1c9237e...refs/remotes/origin/main [302ms]
2025-02-14 00:41:40.001 [info] > git ls-files --stage -- /home/student/ENGR212_Baltazar_Noah/Lab1.txt [16ms]
2025-02-14 00:41:40.033 [info] > git check-ignore -v -z --stdin [36ms]
2025-02-14 00:41:40.034 [info] > git cat-file -s a13ca7dcc37eb971d6ef1c7409c5244c31420477 [31ms]
2025-02-14 00:41:40.720 [info] > git blame --root --incremental 24b49ff8adba11cb8a570c1f8cd8e1e9e1c9237e -- /home/student/ENGR212_Baltazar_Noah/Lab1.txt [5ms]
2025-02-14 00:41:43.715 [info] > git config --get commit.template [3ms]
2025-02-14 00:41:43.716 [info] > git for-each-ref --format=%(refname)%00%(upstream:short)%00%(objectname)%00%(upstream:track)%00%(upstream:remotename)%00%(upstream:remoteref) refs/heads/main refs/remotes/main [1ms]
2025-02-14 00:41:43.724 [info] > git for-each-ref --sort -committerdate --format %(refname) %(objectname) %(*objectname) [1ms]
2025-02-14 00:41:43.742 [info] > git status -z -uall [23ms]
2025-02-14 00:41:48.776 [info] > git config --get commit.template [4ms]
2025-02-14 00:41:48.776 [info] > git for-each-ref --format=%(refname)%00%(upstream:short)%00%(objectname)%00%(upstream:track)%00%(upstream:remotename)%00%(upstream:remoteref) refs/heads/main refs/remotes/main [1ms]
2025-02-14 00:41:48.784 [info] > git for-each-ref --sort -committerdate --format %(refname) %(objectname) %(*objectname) [1ms]
2025-02-14 00:41:48.801 [info] > git status -z -uall [22ms]
2025-02-14 00:41:59.289 [info] > git config --get commit.template [3ms]
2025-02-14 00:41:59.290 [info] > git for-each-ref --format=%(refname)%00%(upstream:short)%00%(objectname)%00%(upstream:track)%00%(upstream:remotename)%00%(upstream:remoteref) refs/heads/main refs/remotes/main [2ms]
2025-02-14 00:41:59.298 [info] > git for-each-ref --sort -committerdate --format %(refname) %(objectname) %(*objectname) [1ms]
2025-02-14 00:41:59.315 [info] > git status -z -uall [22ms]
2025-02-14 00:42:04.343 [info] > git config --get commit.template [4ms]
2025-02-14 00:42:04.344 [info] > git for-each-ref --format=%(refname)%00%(upstream:short)%00%(objectname)%00%(upstream:track)%00%(upstream:remotename)%00%(upstream:remoteref) refs/heads/main refs/remotes/main [1ms]
2025-02-14 00:42:04.366 [info] > git for-each-ref --sort -committerdate --format %(refname) %(objectname) %(*objectname) [1ms]
2025-02-14 00:42:04.383 [info] > git status -z -uall [23ms]
2025-02-14 00:42:09.414 [info] > git config --get commit.template [4ms]
2025-02-14 00:42:09.414 [info] > git for-each-ref --format=%(refname)%00%(upstream:short)%00%(objectname)%00%(upstream:track)%00%(upstream:remotename)%00%(upstream:remoteref) refs/heads/main refs/remotes/main [1ms]
2025-02-14 00:42:09.422 [info] > git for-each-ref --sort -committerdate --format %(refname) %(objectname) %(*objectname) [0ms]
2025-02-14 00:42:09.441 [info] > git status -z -uall [23ms]
2025-02-14 00:42:14.470 [info] > git config --get commit.template [4ms]
2025-02-14 00:42:14.471 [info] > git for-each-ref --format=%(refname)%00%(upstream:short)%00%(objectname)%00%(upstream:track)%00%(upstream:remotename)%00%(upstream:remoteref) refs/heads/main refs/remotes/main [1ms]
2025-02-14 00:42:14.478 [info] > git for-each-ref --sort -committerdate --format %(refname) %(objectname) %(*objectname) [2ms]
2025-02-14 00:42:14.497 [info] > git status -z -uall [24ms]
2025-02-14 00:42:24.361 [info] > git config --get commit.template [3ms]
2025-02-14 00:42:24.362 [info] > git for-each-ref --format=%(refname)%00%(upstream:short)%00%(objectname)%00%(upstream:track)%00%(upstream:remotename)%00%(upstream:remoteref) refs/heads/main refs/remotes/main [2ms]
2025-02-14 00:42:24.370 [info] > git for-each-ref --sort -committerdate --format %(refname) %(objectname) %(*objectname) [1ms]
2025-02-14 00:42:24.388 [info] > git status -z -uall [24ms]
2025-02-14 00:42:29.420 [info] > git config --get commit.template [4ms]
2025-02-14 00:42:29.420 [info] > git for-each-ref --format=%(refname)%00%(upstream:short)%00%(objectname)%00%(upstream:track)%00%(upstream:remotename)%00%(upstream:remoteref) refs/heads/main refs/remotes/main [1ms]
2025-02-14 00:42:29.428 [info] > git for-each-ref --sort -committerdate --format %(refname) %(objectname) %(*objectname) [1ms]
2025-02-14 00:42:29.446 [info] > git status -z -uall [23ms]
2025-02-14 00:42:34.473 [info] > git config --get commit.template [3ms]
2025-02-14 00:42:34.474 [info] > git for-each-ref --format=%(refname)%00%(upstream:short)%00%(objectname)%00%(upstream:track)%00%(upstream:remotename)%00%(upstream:remoteref) refs/heads/main refs/remotes/main [2ms]
2025-02-14 00:42:34.481 [info] > git for-each-ref --sort -committerdate --format %(refname) %(objectname) %(*objectname) [1ms]
2025-02-14 00:42:34.498 [info] > git status -z -uall [22ms]
2025-02-14 00:42:39.526 [info] > git config --get commit.template [4ms]
2025-02-14 00:42:39.527 [info] > git for-each-ref --format=%(refname)%00%(upstream:short)%00%(objectname)%00%(upstream:track)%00%(upstream:remotename)%00%(upstream:remoteref) refs/heads/main refs/remotes/main [1ms]
2025-02-14 00:42:39.535 [info] > git for-each-ref --sort -committerdate --format %(refname) %(objectname) %(*objectname) [1ms]
2025-02-14 00:42:39.553 [info] > git status -z -uall [23ms]
2025-02-14 00:42:44.582 [info] > git config --get commit.template [3ms]
2025-02-14 00:42:44.584 [info] > git for-each-ref --format=%(refname)%00%(upstream:short)%00%(objectname)%00%(upstream:track)%00%(upstream:remotename)%00%(upstream:remoteref) refs/heads/main refs/remotes/main [2ms]
2025-02-14 00:42:44.591 [info] > git for-each-ref --sort -committerdate --format %(refname) %(objectname) %(*objectname) [0ms]
2025-02-14 00:42:44.609 [info] > git status -z -uall [23ms]
2025-02-14 00:42:49.642 [info] > git config --get commit.template [4ms]
2025-02-14 00:42:49.643 [info] > git for-each-ref --format=%(refname)%00%(upstream:short)%00%(objectname)%00%(upstream:track)%00%(upstream:remotename)%00%(upstream:remoteref) refs/heads/main refs/remotes/main [1ms]
2025-02-14 00:42:49.651 [info] > git for-each-ref --sort -committerdate --format %(refname) %(objectname) %(*objectname) [1ms]
2025-02-14 00:42:49.668 [info] > git status -z -uall [22ms]
2025-02-14 00:46:41.483 [info] > git config --get commit.template [3ms]
2025-02-14 00:46:41.484 [info] > git for-each-ref --format=%(refname)%00%(upstream:short)%00%(objectname)%00%(upstream:track)%00%(upstream:remotename)%00%(upstream:remoteref) refs/heads/main refs/remotes/main [2ms]
2025-02-14 00:46:41.492 [info] > git for-each-ref --sort -committerdate --format %(refname) %(objectname) %(*objectname) [2ms]
2025-02-14 00:46:41.509 [info] > git status -z -uall [23ms]
2025-02-14 00:46:46.547 [info] > git config --get commit.template [3ms]
2025-02-14 00:46:46.548 [info] > git for-each-ref --format=%(refname)%00%(upstream:short)%00%(objectname)%00%(upstream:track)%00%(upstream:remotename)%00%(upstream:remoteref) refs/heads/main refs/remotes/main [1ms]
2025-02-14 00:46:46.555 [info] > git for-each-ref --sort -committerdate --format %(refname) %(objectname) %(*objectname) [2ms]
2025-02-14 00:46:46.574 [info] > git status -z -uall [23ms]
2025-02-14 00:46:51.606 [info] > git config --get commit.template [3ms]
2025-02-14 00:46:51.607 [info] > git for-each-ref --format=%(refname)%00%(upstream:short)%00%(objectname)%00%(upstream:track)%00%(upstream:remotename)%00%(upstream:remoteref) refs/heads/main refs/remotes/main [1ms]
2025-02-14 00:46:51.614 [info] > git for-each-ref --sort -committerdate --format %(refname) %(objectname) %(*objectname) [1ms]
2025-02-14 00:46:51.632 [info] > git status -z -uall [23ms]
2025-02-14 00:46:56.665 [info] > git config --get commit.template [4ms]
2025-02-14 00:46:56.666 [info] > git for-each-ref --format=%(refname)%00%(upstream:short)%00%(objectname)%00%(upstream:track)%00%(upstream:remotename)%00%(upstream:remoteref) refs/heads/main refs/remotes/main [2ms]
2025-02-14 00:46:56.673 [info] > git for-each-ref --sort -committerdate --format %(refname) %(objectname) %(*objectname) [0ms]
2025-02-14 00:46:56.691 [info] > git status -z -uall [22ms]
2025-02-14 00:47:02.363 [info] > git config --get commit.template [5ms]
2025-02-14 00:47:02.364 [info] > git for-each-ref --format=%(refname)%00%(upstream:short)%00%(objectname)%00%(upstream:track)%00%(upstream:remotename)%00%(upstream:remoteref) refs/heads/main refs/remotes/main [2ms]
2025-02-14 00:47:02.371 [info] > git for-each-ref --sort -committerdate --format %(refname) %(objectname) %(*objectname) [0ms]
2025-02-14 00:47:02.390 [info] > git status -z -uall [24ms]
2025-02-14 00:47:07.419 [info] > git config --get commit.template [4ms]
2025-02-14 00:47:07.420 [info] > git for-each-ref --format=%(refname)%00%(upstream:short)%00%(objectname)%00%(upstream:track)%00%(upstream:remotename)%00%(upstream:remoteref) refs/heads/main refs/remotes/main [2ms]
2025-02-14 00:47:07.428 [info] > git for-each-ref --sort -committerdate --format %(refname) %(objectname) %(*objectname) [1ms]
2025-02-14 00:47:07.446 [info] > git status -z -uall [23ms]
2025-02-14 00:47:12.478 [info] > git config --get commit.template [3ms]
2025-02-14 00:47:12.483 [info] > git for-each-ref --format=%(refname)%00%(upstream:short)%00%(objectname)%00%(upstream:track)%00%(upstream:remotename)%00%(upstream:remoteref) refs/heads/main refs/remotes/main [2ms]
2025-02-14 00:47:12.490 [info] > git for-each-ref --sort -committerdate --format %(refname) %(objectname) %(*objectname) [0ms]
2025-02-14 00:47:12.508 [info] > git status -z -uall [23ms]
2025-02-14 00:47:17.539 [info] > git config --get commit.template [5ms]
2025-02-14 00:47:17.539 [info] > git for-each-ref --format=%(refname)%00%(upstream:short)%00%(objectname)%00%(upstream:track)%00%(upstream:remotename)%00%(upstream:remoteref) refs/heads/main refs/remotes/main [1ms]
2025-02-14 00:47:17.547 [info] > git for-each-ref --sort -committerdate --format %(refname) %(objectname) %(*objectname) [1ms]
2025-02-14 00:47:17.565 [info] > git status -z -uall [23ms]
2025-02-14 00:47:24.514 [info] > git config --get commit.template [3ms]
2025-02-14 00:47:24.515 [info] > git for-each-ref --format=%(refname)%00%(upstream:short)%00%(objectname)%00%(upstream:track)%00%(upstream:remotename)%00%(upstream:remoteref) refs/heads/main refs/remotes/main [1ms]
2025-02-14 00:47:24.523 [info] > git for-each-ref --sort -committerdate --format %(refname) %(objectname) %(*objectname) [2ms]
2025-02-14 00:47:24.542 [info] > git status -z -uall [24ms]
2025-02-14 00:47:29.571 [info] > git config --get commit.template [4ms]
2025-02-14 00:47:29.572 [info] > git for-each-ref --format=%(refname)%00%(upstream:short)%00%(objectname)%00%(upstream:track)%00%(upstream:remotename)%00%(upstream:remoteref) refs/heads/main refs/remotes/main [2ms]
2025-02-14 00:47:29.579 [info] > git for-each-ref --sort -committerdate --format %(refname) %(objectname) %(*objectname) [0ms]
2025-02-14 00:47:29.597 [info] > git status -z -uall [22ms]
2025-02-14 00:47:34.626 [info] > git config --get commit.template [4ms]
2025-02-14 00:47:34.627 [info] > git for-each-ref --format=%(refname)%00%(upstream:short)%00%(objectname)%00%(upstream:track)%00%(upstream:remotename)%00%(upstream:remoteref) refs/heads/main refs/remotes/main [2ms]
2025-02-14 00:47:34.635 [info] > git for-each-ref --sort -committerdate --format %(refname) %(objectname) %(*objectname) [1ms]
2025-02-14 00:47:34.654 [info] > git status -z -uall [24ms]
2025-02-14 00:47:39.685 [info] > git config --get commit.template [4ms]
2025-02-14 00:47:39.686 [info] > git for-each-ref --format=%(refname)%00%(upstream:short)%00%(objectname)%00%(upstream:track)%00%(upstream:remotename)%00%(upstream:remoteref) refs/heads/main refs/remotes/main [2ms]
2025-02-14 00:47:39.697 [info] > git for-each-ref --sort -committerdate --format %(refname) %(objectname) %(*objectname) [2ms]
2025-02-14 00:47:39.711 [info] > git status -z -uall [21ms]
2025-02-14 00:47:44.747 [info] > git config --get commit.template [4ms]
2025-02-14 00:47:44.748 [info] > git for-each-ref --format=%(refname)%00%(upstream:short)%00%(objectname)%00%(upstream:track)%00%(upstream:remotename)%00%(upstream:remoteref) refs/heads/main refs/remotes/main [2ms]
2025-02-14 00:47:44.755 [info] > git for-each-ref --sort -committerdate --format %(refname) %(objectname) %(*objectname) [2ms]
2025-02-14 00:47:44.774 [info] > git status -z -uall [23ms]
2025-02-14 00:49:36.726 [info] > git config --get commit.template [3ms]
2025-02-14 00:49:36.727 [info] > git for-each-ref --format=%(refname)%00%(upstream:short)%00%(objectname)%00%(upstream:track)%00%(upstream:remotename)%00%(upstream:remoteref) refs/heads/main refs/remotes/main [1ms]
2025-02-14 00:49:36.734 [info] > git for-each-ref --sort -committerdate --format %(refname) %(objectname) %(*objectname) [1ms]
2025-02-14 00:49:36.752 [info] > git status -z -uall [23ms]
2025-02-14 00:49:41.794 [info] > git config --get commit.template [3ms]
2025-02-14 00:49:41.795 [info] > git for-each-ref --format=%(refname)%00%(upstream:short)%00%(objectname)%00%(upstream:track)%00%(upstream:remotename)%00%(upstream:remoteref) refs/heads/main refs/remotes/main [2ms]
2025-02-14 00:49:41.802 [info] > git for-each-ref --sort -committerdate --format %(refname) %(objectname) %(*objectname) [0ms]
2025-02-14 00:49:41.820 [info] > git status -z -uall [22ms]
2025-02-14 00:49:46.860 [info] > git config --get commit.template [4ms]
2025-02-14 00:49:46.861 [info] > git for-each-ref --format=%(refname)%00%(upstream:short)%00%(objectname)%00%(upstream:track)%00%(upstream:remotename)%00%(upstream:remoteref) refs/heads/main refs/remotes/main [2ms]
2025-02-14 00:49:46.868 [info] > git for-each-ref --sort -committerdate --format %(refname) %(objectname) %(*objectname) [0ms]
2025-02-14 00:49:46.887 [info] > git status -z -uall [24ms]
2025-02-14 00:50:18.834 [info] > git config --get commit.template [4ms]
2025-02-14 00:50:18.835 [info] > git for-each-ref --format=%(refname)%00%(upstream:short)%00%(objectname)%00%(upstream:track)%00%(upstream:remotename)%00%(upstream:remoteref) refs/heads/main refs/remotes/main [2ms]
2025-02-14 00:50:18.842 [info] > git for-each-ref --sort -committerdate --format %(refname) %(objectname) %(*objectname) [0ms]
2025-02-14 00:50:18.867 [info] > git status -z -uall [30ms]
2025-02-14 00:50:23.908 [info] > git config --get commit.template [4ms]
2025-02-14 00:50:23.908 [info] > git for-each-ref --format=%(refname)%00%(upstream:short)%00%(objectname)%00%(upstream:track)%00%(upstream:remotename)%00%(upstream:remoteref) refs/heads/main refs/remotes/main [1ms]
2025-02-14 00:50:23.916 [info] > git for-each-ref --sort -committerdate --format %(refname) %(objectname) %(*objectname) [0ms]
2025-02-14 00:50:23.934 [info] > git status -z -uall [23ms]
2025-02-14 00:50:42.544 [info] > git config --get commit.template [4ms]
2025-02-14 00:50:42.545 [info] > git for-each-ref --format=%(refname)%00%(upstream:short)%00%(objectname)%00%(upstream:track)%00%(upstream:remotename)%00%(upstream:remoteref) refs/heads/main refs/remotes/main [2ms]
2025-02-14 00:50:42.552 [info] > git for-each-ref --sort -committerdate --format %(refname) %(objectname) %(*objectname) [2ms]
2025-02-14 00:50:42.570 [info] > git status -z -uall [22ms]
2025-02-14 00:50:47.602 [info] > git config --get commit.template [4ms]
2025-02-14 00:50:47.603 [info] > git for-each-ref --format=%(refname)%00%(upstream:short)%00%(objectname)%00%(upstream:track)%00%(upstream:remotename)%00%(upstream:remoteref) refs/heads/main refs/remotes/main [1ms]
2025-02-14 00:50:47.611 [info] > git for-each-ref --sort -committerdate --format %(refname) %(objectname) %(*objectname) [1ms]
2025-02-14 00:50:47.629 [info] > git status -z -uall [23ms]
2025-02-14 00:51:20.884 [info] > git config --get commit.template [4ms]
2025-02-14 00:51:20.885 [info] > git for-each-ref --format=%(refname)%00%(upstream:short)%00%(objectname)%00%(upstream:track)%00%(upstream:remotename)%00%(upstream:remoteref) refs/heads/main refs/remotes/main [2ms]
2025-02-14 00:51:20.892 [info] > git for-each-ref --sort -committerdate --format %(refname) %(objectname) %(*objectname) [0ms]
2025-02-14 00:51:20.912 [info] > git status -z -uall [24ms]
2025-02-14 00:51:25.952 [info] > git config --get commit.template [4ms]
2025-02-14 00:51:25.953 [info] > git for-each-ref --format=%(refname)%00%(upstream:short)%00%(objectname)%00%(upstream:track)%00%(upstream:remotename)%00%(upstream:remoteref) refs/heads/main refs/remotes/main [2ms]
2025-02-14 00:51:25.960 [info] > git for-each-ref --sort -committerdate --format %(refname) %(objectname) %(*objectname) [2ms]
2025-02-14 00:51:25.979 [info] > git status -z -uall [23ms]
2025-02-14 00:51:31.020 [info] > git config --get commit.template [4ms]
2025-02-14 00:51:31.021 [info] > git for-each-ref --format=%(refname)%00%(upstream:short)%00%(objectname)%00%(upstream:track)%00%(upstream:remotename)%00%(upstream:remoteref) refs/heads/main refs/remotes/main [2ms]
2025-02-14 00:51:31.030 [info] > git for-each-ref --sort -committerdate --format %(refname) %(objectname) %(*objectname) [2ms]
2025-02-14 00:51:31.057 [info] > git status -z -uall [33ms]
2025-02-14 00:51:36.100 [info] > git config --get commit.template [3ms]
2025-02-14 00:51:36.101 [info] > git for-each-ref --format=%(refname)%00%(upstream:short)%00%(objectname)%00%(upstream:track)%00%(upstream:remotename)%00%(upstream:remoteref) refs/heads/main refs/remotes/main [2ms]
2025-02-14 00:51:36.109 [info] > git for-each-ref --sort -committerdate --format %(refname) %(objectname) %(*objectname) [1ms]
2025-02-14 00:51:36.126 [info] > git status -z -uall [22ms]
2025-02-14 00:51:41.160 [info] > git config --get commit.template [3ms]
2025-02-14 00:51:41.161 [info] > git for-each-ref --format=%(refname)%00%(upstream:short)%00%(objectname)%00%(upstream:track)%00%(upstream:remotename)%00%(upstream:remoteref) refs/heads/main refs/remotes/main [1ms]
2025-02-14 00:51:41.168 [info] > git for-each-ref --sort -committerdate --format %(refname) %(objectname) %(*objectname) [1ms]
2025-02-14 00:51:41.186 [info] > git status -z -uall [23ms]
2025-02-14 00:52:00.280 [info] > git config --get commit.template [3ms]
2025-02-14 00:52:00.282 [info] > git for-each-ref --format=%(refname)%00%(upstream:short)%00%(objectname)%00%(upstream:track)%00%(upstream:remotename)%00%(upstream:remoteref) refs/heads/main refs/remotes/main [1ms]
2025-02-14 00:52:00.289 [info] > git for-each-ref --sort -committerdate --format %(refname) %(objectname) %(*objectname) [1ms]
2025-02-14 00:52:00.308 [info] > git status -z -uall [24ms]
2025-02-14 00:52:05.343 [info] > git config --get commit.template [4ms]
2025-02-14 00:52:05.344 [info] > git for-each-ref --format=%(refname)%00%(upstream:short)%00%(objectname)%00%(upstream:track)%00%(upstream:remotename)%00%(upstream:remoteref) refs/heads/main refs/remotes/main [2ms]
2025-02-14 00:52:05.351 [info] > git for-each-ref --sort -committerdate --format %(refname) %(objectname) %(*objectname) [1ms]
2025-02-14 00:52:05.368 [info] > git status -z -uall [22ms]
2025-02-14 00:52:10.403 [info] > git config --get commit.template [4ms]
2025-02-14 00:52:10.404 [info] > git for-each-ref --format=%(refname)%00%(upstream:short)%00%(objectname)%00%(upstream:track)%00%(upstream:remotename)%00%(upstream:remoteref) refs/heads/main refs/remotes/main [2ms]
2025-02-14 00:52:10.411 [info] > git for-each-ref --sort -committerdate --format %(refname) %(objectname) %(*objectname) [1ms]
2025-02-14 00:52:10.429 [info] > git status -z -uall [23ms]
2025-02-14 00:52:15.457 [info] > git config --get commit.template [3ms]
2025-02-14 00:52:15.458 [info] > git for-each-ref --format=%(refname)%00%(upstream:short)%00%(objectname)%00%(upstream:track)%00%(upstream:remotename)%00%(upstream:remoteref) refs/heads/main refs/remotes/main [2ms]
2025-02-14 00:52:15.465 [info] > git for-each-ref --sort -committerdate --format %(refname) %(objectname) %(*objectname) [1ms]
2025-02-14 00:52:15.483 [info] > git status -z -uall [23ms]
2025-02-14 00:52:20.540 [info] > git config --get commit.template [4ms]
2025-02-14 00:52:20.542 [info] > git for-each-ref --format=%(refname)%00%(upstream:short)%00%(objectname)%00%(upstream:track)%00%(upstream:remotename)%00%(upstream:remoteref) refs/heads/main refs/remotes/main [2ms]
2025-02-14 00:52:20.549 [info] > git for-each-ref --sort -committerdate --format %(refname) %(objectname) %(*objectname) [1ms]
2025-02-14 00:52:20.567 [info] > git status -z -uall [23ms]
2025-02-14 00:52:38.683 [info] > git config --get commit.template [2ms]
2025-02-14 00:52:38.684 [info] > git for-each-ref --format=%(refname)%00%(upstream:short)%00%(objectname)%00%(upstream:track)%00%(upstream:remotename)%00%(upstream:remoteref) refs/heads/main refs/remotes/main [1ms]
2025-02-14 00:52:38.692 [info] > git for-each-ref --sort -committerdate --format %(refname) %(objectname) %(*objectname) [4ms]
2025-02-14 00:52:38.711 [info] > git status -z -uall [25ms]
2025-02-14 00:52:43.748 [info] > git config --get commit.template [3ms]
2025-02-14 00:52:43.749 [info] > git for-each-ref --format=%(refname)%00%(upstream:short)%00%(objectname)%00%(upstream:track)%00%(upstream:remotename)%00%(upstream:remoteref) refs/heads/main refs/remotes/main [1ms]
2025-02-14 00:52:43.758 [info] > git for-each-ref --sort -committerdate --format %(refname) %(objectname) %(*objectname) [2ms]
2025-02-14 00:52:43.787 [info] > git status -z -uall [35ms]
2025-02-14 00:52:50.167 [info] > git config --get commit.template [3ms]
2025-02-14 00:52:50.168 [info] > git for-each-ref --format=%(refname)%00%(upstream:short)%00%(objectname)%00%(upstream:track)%00%(upstream:remotename)%00%(upstream:remoteref) refs/heads/main refs/remotes/main [2ms]
2025-02-14 00:52:50.181 [info] > git for-each-ref --sort -committerdate --format %(refname) %(objectname) %(*objectname) [2ms]
2025-02-14 00:52:50.194 [info] > git status -z -uall [21ms]
2025-02-14 00:52:55.228 [info] > git config --get commit.template [4ms]
2025-02-14 00:52:55.229 [info] > git for-each-ref --format=%(refname)%00%(upstream:short)%00%(objectname)%00%(upstream:track)%00%(upstream:remotename)%00%(upstream:remoteref) refs/heads/main refs/remotes/main [2ms]
2025-02-14 00:52:55.236 [info] > git for-each-ref --sort -committerdate --format %(refname) %(objectname) %(*objectname) [0ms]
2025-02-14 00:52:55.254 [info] > git status -z -uall [23ms]
2025-02-14 00:53:00.289 [info] > git config --get commit.template [4ms]
2025-02-14 00:53:00.290 [info] > git for-each-ref --format=%(refname)%00%(upstream:short)%00%(objectname)%00%(upstream:track)%00%(upstream:remotename)%00%(upstream:remoteref) refs/heads/main refs/remotes/main [2ms]
2025-02-14 00:53:00.297 [info] > git for-each-ref --sort -committerdate --format %(refname) %(objectname) %(*objectname) [0ms]
2025-02-14 00:53:00.315 [info] > git status -z -uall [23ms]
2025-02-14 00:53:05.346 [info] > git config --get commit.template [4ms]
2025-02-14 00:53:05.346 [info] > git for-each-ref --format=%(refname)%00%(upstream:short)%00%(objectname)%00%(upstream:track)%00%(upstream:remotename)%00%(upstream:remoteref) refs/heads/main refs/remotes/main [1ms]
2025-02-14 00:53:05.354 [info] > git for-each-ref --sort -committerdate --format %(refname) %(objectname) %(*objectname) [0ms]
2025-02-14 00:53:05.371 [info] > git status -z -uall [22ms]
2025-02-14 00:53:10.401 [info] > git config --get commit.template [3ms]
2025-02-14 00:53:10.403 [info] > git for-each-ref --format=%(refname)%00%(upstream:short)%00%(objectname)%00%(upstream:track)%00%(upstream:remotename)%00%(upstream:remoteref) refs/heads/main refs/remotes/main [2ms]
2025-02-14 00:53:10.410 [info] > git for-each-ref --sort -committerdate --format %(refname) %(objectname) %(*objectname) [1ms]
2025-02-14 00:53:10.428 [info] > git status -z -uall [23ms]
2025-02-14 00:53:15.457 [info] > git config --get commit.template [4ms]
2025-02-14 00:53:15.458 [info] > git for-each-ref --format=%(refname)%00%(upstream:short)%00%(objectname)%00%(upstream:track)%00%(upstream:remotename)%00%(upstream:remoteref) refs/heads/main refs/remotes/main [2ms]
2025-02-14 00:53:15.466 [info] > git for-each-ref --sort -committerdate --format %(refname) %(objectname) %(*objectname) [0ms]
2025-02-14 00:53:15.483 [info] > git status -z -uall [22ms]
2025-02-14 00:53:20.515 [info] > git config --get commit.template [3ms]
2025-02-14 00:53:20.517 [info] > git for-each-ref --format=%(refname)%00%(upstream:short)%00%(objectname)%00%(upstream:track)%00%(upstream:remotename)%00%(upstream:remoteref) refs/heads/main refs/remotes/main [1ms]
2025-02-14 00:53:20.525 [info] > git for-each-ref --sort -committerdate --format %(refname) %(objectname) %(*objectname) [1ms]
2025-02-14 00:53:20.547 [info] > git status -z -uall [28ms]
2025-02-14 00:53:25.574 [info] > git config --get commit.template [4ms]
2025-02-14 00:53:25.575 [info] > git for-each-ref --format=%(refname)%00%(upstream:short)%00%(objectname)%00%(upstream:track)%00%(upstream:remotename)%00%(upstream:remoteref) refs/heads/main refs/remotes/main [2ms]
2025-02-14 00:53:25.582 [info] > git for-each-ref --sort -committerdate --format %(refname) %(objectname) %(*objectname) [0ms]
2025-02-14 00:53:25.600 [info] > git status -z -uall [22ms]
2025-02-14 00:53:30.630 [info] > git config --get commit.template [3ms]
2025-02-14 00:53:30.632 [info] > git for-each-ref --format=%(refname)%00%(upstream:short)%00%(objectname)%00%(upstream:track)%00%(upstream:remotename)%00%(upstream:remoteref) refs/heads/main refs/remotes/main [1ms]
2025-02-14 00:53:30.640 [info] > git for-each-ref --sort -committerdate --format %(refname) %(objectname) %(*objectname) [1ms]
2025-02-14 00:53:30.660 [info] > git status -z -uall [26ms]
2025-02-14 00:53:35.688 [info] > git config --get commit.template [4ms]
2025-02-14 00:53:35.690 [info] > git for-each-ref --format=%(refname)%00%(upstream:short)%00%(objectname)%00%(upstream:track)%00%(upstream:remotename)%00%(upstream:remoteref) refs/heads/main refs/remotes/main [3ms]
2025-02-14 00:53:35.698 [info] > git for-each-ref --sort -committerdate --format %(refname) %(objectname) %(*objectname) [1ms]
2025-02-14 00:53:35.716 [info] > git status -z -uall [23ms]
2025-02-14 00:53:42.310 [info] > git config --get commit.template [4ms]
2025-02-14 00:53:42.311 [info] > git for-each-ref --format=%(refname)%00%(upstream:short)%00%(objectname)%00%(upstream:track)%00%(upstream:remotename)%00%(upstream:remoteref) refs/heads/main refs/remotes/main [2ms]
2025-02-14 00:53:42.318 [info] > git for-each-ref --sort -committerdate --format %(refname) %(objectname) %(*objectname) [2ms]
2025-02-14 00:53:42.336 [info] > git status -z -uall [22ms]
2025-02-14 00:53:47.368 [info] > git config --get commit.template [3ms]
2025-02-14 00:53:47.369 [info] > git for-each-ref --format=%(refname)%00%(upstream:short)%00%(objectname)%00%(upstream:track)%00%(upstream:remotename)%00%(upstream:remoteref) refs/heads/main refs/remotes/main [2ms]
2025-02-14 00:53:47.376 [info] > git for-each-ref --sort -committerdate --format %(refname) %(objectname) %(*objectname) [0ms]
2025-02-14 00:53:47.394 [info] > git status -z -uall [22ms]
2025-02-14 00:53:52.422 [info] > git config --get commit.template [4ms]
2025-02-14 00:53:52.423 [info] > git for-each-ref --format=%(refname)%00%(upstream:short)%00%(objectname)%00%(upstream:track)%00%(upstream:remotename)%00%(upstream:remoteref) refs/heads/main refs/remotes/main [2ms]
2025-02-14 00:53:52.430 [info] > git for-each-ref --sort -committerdate --format %(refname) %(objectname) %(*objectname) [0ms]
2025-02-14 00:53:52.448 [info] > git status -z -uall [22ms]
2025-02-14 00:53:57.476 [info] > git config --get commit.template [4ms]
2025-02-14 00:53:57.477 [info] > git for-each-ref --format=%(refname)%00%(upstream:short)%00%(objectname)%00%(upstream:track)%00%(upstream:remotename)%00%(upstream:remoteref) refs/heads/main refs/remotes/main [2ms]
2025-02-14 00:53:57.485 [info] > git for-each-ref --sort -committerdate --format %(refname) %(objectname) %(*objectname) [1ms]
2025-02-14 00:53:57.502 [info] > git status -z -uall [22ms]
2025-02-14 00:54:02.529 [info] > git config --get commit.template [3ms]
2025-02-14 00:54:02.530 [info] > git for-each-ref --format=%(refname)%00%(upstream:short)%00%(objectname)%00%(upstream:track)%00%(upstream:remotename)%00%(upstream:remoteref) refs/heads/main refs/remotes/main [1ms]
2025-02-14 00:54:02.538 [info] > git for-each-ref --sort -committerdate --format %(refname) %(objectname) %(*objectname) [0ms]
2025-02-14 00:54:02.556 [info] > git status -z -uall [23ms]
2025-02-14 00:54:07.584 [info] > git config --get commit.template [4ms]
2025-02-14 00:54:07.585 [info] > git for-each-ref --format=%(refname)%00%(upstream:short)%00%(objectname)%00%(upstream:track)%00%(upstream:remotename)%00%(upstream:remoteref) refs/heads/main refs/remotes/main [2ms]
2025-02-14 00:54:07.593 [info] > git for-each-ref --sort -committerdate --format %(refname) %(objectname) %(*objectname) [1ms]
2025-02-14 00:54:07.610 [info] > git status -z -uall [22ms]
2025-02-14 00:54:12.641 [info] > git config --get commit.template [4ms]
2025-02-14 00:54:12.642 [info] > git for-each-ref --format=%(refname)%00%(upstream:short)%00%(objectname)%00%(upstream:track)%00%(upstream:remotename)%00%(upstream:remoteref) refs/heads/main refs/remotes/main [1ms]
2025-02-14 00:54:12.650 [info] > git for-each-ref --sort -committerdate --format %(refname) %(objectname) %(*objectname) [1ms]
2025-02-14 00:54:12.667 [info] > git status -z -uall [22ms]
2025-02-14 00:54:17.696 [info] > git config --get commit.template [4ms]
2025-02-14 00:54:17.697 [info] > git for-each-ref --format=%(refname)%00%(upstream:short)%00%(objectname)%00%(upstream:track)%00%(upstream:remotename)%00%(upstream:remoteref) refs/heads/main refs/remotes/main [2ms]
2025-02-14 00:54:17.705 [info] > git for-each-ref --sort -committerdate --format %(refname) %(objectname) %(*objectname) [1ms]
2025-02-14 00:54:17.722 [info] > git status -z -uall [22ms]
2025-02-14 00:54:22.750 [info] > git config --get commit.template [4ms]
2025-02-14 00:54:22.751 [info] > git for-each-ref --format=%(refname)%00%(upstream:short)%00%(objectname)%00%(upstream:track)%00%(upstream:remotename)%00%(upstream:remoteref) refs/heads/main refs/remotes/main [1ms]
2025-02-14 00:54:22.760 [info] > git for-each-ref --sort -committerdate --format %(refname) %(objectname) %(*objectname) [1ms]
2025-02-14 00:54:22.778 [info] > git status -z -uall [23ms]
2025-02-14 00:54:27.806 [info] > git config --get commit.template [3ms]
2025-02-14 00:54:27.807 [info] > git for-each-ref --format=%(refname)%00%(upstream:short)%00%(objectname)%00%(upstream:track)%00%(upstream:remotename)%00%(upstream:remoteref) refs/heads/main refs/remotes/main [1ms]
2025-02-14 00:54:27.815 [info] > git for-each-ref --sort -committerdate --format %(refname) %(objectname) %(*objectname) [1ms]
2025-02-14 00:54:27.832 [info] > git status -z -uall [22ms]
2025-02-14 00:54:32.860 [info] > git config --get commit.template [4ms]
2025-02-14 00:54:32.861 [info] > git for-each-ref --format=%(refname)%00%(upstream:short)%00%(objectname)%00%(upstream:track)%00%(upstream:remotename)%00%(upstream:remoteref) refs/heads/main refs/remotes/main [2ms]
2025-02-14 00:54:32.869 [info] > git for-each-ref --sort -committerdate --format %(refname) %(objectname) %(*objectname) [1ms]
2025-02-14 00:54:32.887 [info] > git status -z -uall [22ms]
2025-02-14 00:54:37.918 [info] > git config --get commit.template [4ms]
2025-02-14 00:54:37.919 [info] > git for-each-ref --format=%(refname)%00%(upstream:short)%00%(objectname)%00%(upstream:track)%00%(upstream:remotename)%00%(upstream:remoteref) refs/heads/main refs/remotes/main [2ms]
2025-02-14 00:54:37.931 [info] > git for-each-ref --sort -committerdate --format %(refname) %(objectname) %(*objectname) [2ms]
2025-02-14 00:54:37.948 [info] > git status -z -uall [25ms]
2025-02-14 00:54:42.987 [info] > git config --get commit.template [4ms]
2025-02-14 00:54:42.988 [info] > git for-each-ref --format=%(refname)%00%(upstream:short)%00%(objectname)%00%(upstream:track)%00%(upstream:remotename)%00%(upstream:remoteref) refs/heads/main refs/remotes/main [2ms]
2025-02-14 00:54:42.996 [info] > git for-each-ref --sort -committerdate --format %(refname) %(objectname) %(*objectname) [1ms]
2025-02-14 00:54:43.014 [info] > git status -z -uall [23ms]
2025-02-14 00:54:48.046 [info] > git config --get commit.template [5ms]
2025-02-14 00:54:48.047 [info] > git for-each-ref --format=%(refname)%00%(upstream:short)%00%(objectname)%00%(upstream:track)%00%(upstream:remotename)%00%(upstream:remoteref) refs/heads/main refs/remotes/main [2ms]
2025-02-14 00:54:48.055 [info] > git for-each-ref --sort -committerdate --format %(refname) %(objectname) %(*objectname) [1ms]
2025-02-14 00:54:48.073 [info] > git status -z -uall [23ms]
2025-02-14 00:54:53.103 [info] > git config --get commit.template [4ms]
2025-02-14 00:54:53.104 [info] > git for-each-ref --format=%(refname)%00%(upstream:short)%00%(objectname)%00%(upstream:track)%00%(upstream:remotename)%00%(upstream:remoteref) refs/heads/main refs/remotes/main [1ms]
2025-02-14 00:54:53.115 [info] > git for-each-ref --sort -committerdate --format %(refname) %(objectname) %(*objectname) [4ms]
2025-02-14 00:54:53.138 [info] > git status -z -uall [31ms]
2025-02-14 00:54:58.177 [info] > git config --get commit.template [3ms]
2025-02-14 00:54:58.178 [info] > git for-each-ref --format=%(refname)%00%(upstream:short)%00%(objectname)%00%(upstream:track)%00%(upstream:remotename)%00%(upstream:remoteref) refs/heads/main refs/remotes/main [2ms]
2025-02-14 00:54:58.185 [info] > git for-each-ref --sort -committerdate --format %(refname) %(objectname) %(*objectname) [0ms]
2025-02-14 00:54:58.203 [info] > git status -z -uall [22ms]
2025-02-14 00:55:15.166 [info] > git config --get commit.template [3ms]
2025-02-14 00:55:15.171 [info] > git for-each-ref --format=%(refname)%00%(upstream:short)%00%(objectname)%00%(upstream:track)%00%(upstream:remotename)%00%(upstream:remoteref) refs/heads/main refs/remotes/main [2ms]
2025-02-14 00:55:15.179 [info] > git for-each-ref --sort -committerdate --format %(refname) %(objectname) %(*objectname) [0ms]
2025-02-14 00:55:15.198 [info] > git status -z -uall [24ms]
2025-02-14 00:55:20.230 [info] > git config --get commit.template [3ms]
2025-02-14 00:55:20.231 [info] > git for-each-ref --format=%(refname)%00%(upstream:short)%00%(objectname)%00%(upstream:track)%00%(upstream:remotename)%00%(upstream:remoteref) refs/heads/main refs/remotes/main [2ms]
2025-02-14 00:55:20.238 [info] > git for-each-ref --sort -committerdate --format %(refname) %(objectname) %(*objectname) [1ms]
2025-02-14 00:55:20.257 [info] > git status -z -uall [23ms]
2025-02-14 00:55:25.289 [info] > git config --get commit.template [3ms]
2025-02-14 00:55:25.290 [info] > git for-each-ref --format=%(refname)%00%(upstream:short)%00%(objectname)%00%(upstream:track)%00%(upstream:remotename)%00%(upstream:remoteref) refs/heads/main refs/remotes/main [1ms]
2025-02-14 00:55:25.297 [info] > git for-each-ref --sort -committerdate --format %(refname) %(objectname) %(*objectname) [0ms]
2025-02-14 00:55:25.315 [info] > git status -z -uall [22ms]
2025-02-14 00:55:30.344 [info] > git config --get commit.template [3ms]
2025-02-14 00:55:30.345 [info] > git for-each-ref --format=%(refname)%00%(upstream:short)%00%(objectname)%00%(upstream:track)%00%(upstream:remotename)%00%(upstream:remoteref) refs/heads/main refs/remotes/main [2ms]
2025-02-14 00:55:30.352 [info] > git for-each-ref --sort -committerdate --format %(refname) %(objectname) %(*objectname) [0ms]
2025-02-14 00:55:30.370 [info] > git status -z -uall [23ms]
2025-02-14 00:55:35.399 [info] > git config --get commit.template [3ms]
2025-02-14 00:55:35.400 [info] > git for-each-ref --format=%(refname)%00%(upstream:short)%00%(objectname)%00%(upstream:track)%00%(upstream:remotename)%00%(upstream:remoteref) refs/heads/main refs/remotes/main [2ms]
2025-02-14 00:55:35.407 [info] > git for-each-ref --sort -committerdate --format %(refname) %(objectname) %(*objectname) [1ms]
2025-02-14 00:55:35.425 [info] > git status -z -uall [23ms]
2025-02-14 00:55:40.456 [info] > git config --get commit.template [3ms]
2025-02-14 00:55:40.457 [info] > git for-each-ref --format=%(refname)%00%(upstream:short)%00%(objectname)%00%(upstream:track)%00%(upstream:remotename)%00%(upstream:remoteref) refs/heads/main refs/remotes/main [1ms]
2025-02-14 00:55:40.465 [info] > git for-each-ref --sort -committerdate --format %(refname) %(objectname) %(*objectname) [1ms]
2025-02-14 00:55:40.483 [info] > git status -z -uall [23ms]
2025-02-14 00:55:45.511 [info] > git config --get commit.template [4ms]
2025-02-14 00:55:45.512 [info] > git for-each-ref --format=%(refname)%00%(upstream:short)%00%(objectname)%00%(upstream:track)%00%(upstream:remotename)%00%(upstream:remoteref) refs/heads/main refs/remotes/main [2ms]
2025-02-14 00:55:45.519 [info] > git for-each-ref --sort -committerdate --format %(refname) %(objectname) %(*objectname) [0ms]
2025-02-14 00:55:45.537 [info] > git status -z -uall [22ms]
2025-02-14 00:55:50.573 [info] > git config --get commit.template [4ms]
2025-02-14 00:55:50.574 [info] > git for-each-ref --format=%(refname)%00%(upstream:short)%00%(objectname)%00%(upstream:track)%00%(upstream:remotename)%00%(upstream:remoteref) refs/heads/main refs/remotes/main [2ms]
2025-02-14 00:55:50.581 [info] > git for-each-ref --sort -committerdate --format %(refname) %(objectname) %(*objectname) [0ms]
2025-02-14 00:55:50.601 [info] > git status -z -uall [23ms]
2025-02-14 00:55:58.077 [info] > git config --get commit.template [4ms]
2025-02-14 00:55:58.078 [info] > git for-each-ref --format=%(refname)%00%(upstream:short)%00%(objectname)%00%(upstream:track)%00%(upstream:remotename)%00%(upstream:remoteref) refs/heads/main refs/remotes/main [1ms]
2025-02-14 00:55:58.086 [info] > git for-each-ref --sort -committerdate --format %(refname) %(objectname) %(*objectname) [0ms]
2025-02-14 00:55:58.103 [info] > git status -z -uall [22ms]
2025-02-14 00:56:03.131 [info] > git config --get commit.template [3ms]
2025-02-14 00:56:03.132 [info] > git for-each-ref --format=%(refname)%00%(upstream:short)%00%(objectname)%00%(upstream:track)%00%(upstream:remotename)%00%(upstream:remoteref) refs/heads/main refs/remotes/main [2ms]
2025-02-14 00:56:03.139 [info] > git for-each-ref --sort -committerdate --format %(refname) %(objectname) %(*objectname) [1ms]
2025-02-14 00:56:03.157 [info] > git status -z -uall [23ms]
2025-02-14 00:56:08.184 [info] > git config --get commit.template [4ms]
2025-02-14 00:56:08.185 [info] > git for-each-ref --format=%(refname)%00%(upstream:short)%00%(objectname)%00%(upstream:track)%00%(upstream:remotename)%00%(upstream:remoteref) refs/heads/main refs/remotes/main [1ms]
2025-02-14 00:56:08.193 [info] > git for-each-ref --sort -committerdate --format %(refname) %(objectname) %(*objectname) [1ms]
2025-02-14 00:56:08.213 [info] > git status -z -uall [25ms]
2025-02-14 00:56:13.242 [info] > git config --get commit.template [4ms]
2025-02-14 00:56:13.243 [info] > git for-each-ref --format=%(refname)%00%(upstream:short)%00%(objectname)%00%(upstream:track)%00%(upstream:remotename)%00%(upstream:remoteref) refs/heads/main refs/remotes/main [2ms]
2025-02-14 00:56:13.252 [info] > git for-each-ref --sort -committerdate --format %(refname) %(objectname) %(*objectname) [1ms]
2025-02-14 00:56:13.269 [info] > git status -z -uall [23ms]
2025-02-14 00:56:18.299 [info] > git config --get commit.template [3ms]
2025-02-14 00:56:18.300 [info] > git for-each-ref --format=%(refname)%00%(upstream:short)%00%(objectname)%00%(upstream:track)%00%(upstream:remotename)%00%(upstream:remoteref) refs/heads/main refs/remotes/main [1ms]
2025-02-14 00:56:18.307 [info] > git for-each-ref --sort -committerdate --format %(refname) %(objectname) %(*objectname) [2ms]
2025-02-14 00:56:18.326 [info] > git status -z -uall [23ms]
2025-02-14 00:56:23.354 [info] > git config --get commit.template [4ms]
2025-02-14 00:56:23.355 [info] > git for-each-ref --format=%(refname)%00%(upstream:short)%00%(objectname)%00%(upstream:track)%00%(upstream:remotename)%00%(upstream:remoteref) refs/heads/main refs/remotes/main [2ms]
2025-02-14 00:56:23.362 [info] > git for-each-ref --sort -committerdate --format %(refname) %(objectname) %(*objectname) [0ms]
2025-02-14 00:56:23.380 [info] > git status -z -uall [22ms]
2025-02-14 00:56:28.407 [info] > git config --get commit.template [3ms]
2025-02-14 00:56:28.408 [info] > git for-each-ref --format=%(refname)%00%(upstream:short)%00%(objectname)%00%(upstream:track)%00%(upstream:remotename)%00%(upstream:remoteref) refs/heads/main refs/remotes/main [1ms]
2025-02-14 00:56:28.416 [info] > git for-each-ref --sort -committerdate --format %(refname) %(objectname) %(*objectname) [0ms]
2025-02-14 00:56:28.433 [info] > git status -z -uall [22ms]
2025-02-14 00:56:33.461 [info] > git config --get commit.template [3ms]
2025-02-14 00:56:33.462 [info] > git for-each-ref --format=%(refname)%00%(upstream:short)%00%(objectname)%00%(upstream:track)%00%(upstream:remotename)%00%(upstream:remoteref) refs/heads/main refs/remotes/main [1ms]
2025-02-14 00:56:33.470 [info] > git for-each-ref --sort -committerdate --format %(refname) %(objectname) %(*objectname) [1ms]
2025-02-14 00:56:33.487 [info] > git status -z -uall [22ms]
2025-02-14 00:56:38.514 [info] > git config --get commit.template [4ms]
2025-02-14 00:56:38.515 [info] > git for-each-ref --format=%(refname)%00%(upstream:short)%00%(objectname)%00%(upstream:track)%00%(upstream:remotename)%00%(upstream:remoteref) refs/heads/main refs/remotes/main [2ms]
2025-02-14 00:56:38.522 [info] > git for-each-ref --sort -committerdate --format %(refname) %(objectname) %(*objectname) [0ms]
2025-02-14 00:56:38.539 [info] > git status -z -uall [21ms]
2025-02-14 00:56:43.571 [info] > git config --get commit.template [4ms]
2025-02-14 00:56:43.572 [info] > git for-each-ref --format=%(refname)%00%(upstream:short)%00%(objectname)%00%(upstream:track)%00%(upstream:remotename)%00%(upstream:remoteref) refs/heads/main refs/remotes/main [2ms]
2025-02-14 00:56:43.580 [info] > git for-each-ref --sort -committerdate --format %(refname) %(objectname) %(*objectname) [1ms]
2025-02-14 00:56:43.597 [info] > git status -z -uall [22ms]
2025-02-14 00:56:48.627 [info] > git config --get commit.template [4ms]
2025-02-14 00:56:48.628 [info] > git for-each-ref --format=%(refname)%00%(upstream:short)%00%(objectname)%00%(upstream:track)%00%(upstream:remotename)%00%(upstream:remoteref) refs/heads/main refs/remotes/main [2ms]
2025-02-14 00:56:48.637 [info] > git for-each-ref --sort -committerdate --format %(refname) %(objectname) %(*objectname) [1ms]
2025-02-14 00:56:48.654 [info] > git status -z -uall [22ms]
2025-02-14 00:56:53.682 [info] > git config --get commit.template [3ms]
2025-02-14 00:56:53.684 [info] > git for-each-ref --format=%(refname)%00%(upstream:short)%00%(objectname)%00%(upstream:track)%00%(upstream:remotename)%00%(upstream:remoteref) refs/heads/main refs/remotes/main [1ms]
2025-02-14 00:56:53.691 [info] > git for-each-ref --sort -committerdate --format %(refname) %(objectname) %(*objectname) [1ms]
2025-02-14 00:56:53.709 [info] > git status -z -uall [23ms]
2025-02-14 00:56:58.738 [info] > git config --get commit.template [4ms]
2025-02-14 00:56:58.739 [info] > git for-each-ref --format=%(refname)%00%(upstream:short)%00%(objectname)%00%(upstream:track)%00%(upstream:remotename)%00%(upstream:remoteref) refs/heads/main refs/remotes/main [1ms]
2025-02-14 00:56:58.748 [info] > git for-each-ref --sort -committerdate --format %(refname) %(objectname) %(*objectname) [2ms]
2025-02-14 00:56:58.764 [info] > git status -z -uall [22ms]
2025-02-14 00:57:03.793 [info] > git config --get commit.template [4ms]
2025-02-14 00:57:03.793 [info] > git for-each-ref --format=%(refname)%00%(upstream:short)%00%(objectname)%00%(upstream:track)%00%(upstream:remotename)%00%(upstream:remoteref) refs/heads/main refs/remotes/main [1ms]
2025-02-14 00:57:03.801 [info] > git for-each-ref --sort -committerdate --format %(refname) %(objectname) %(*objectname) [1ms]
2025-02-14 00:57:03.821 [info] > git status -z -uall [25ms]
2025-02-14 00:57:08.857 [info] > git config --get commit.template [4ms]
2025-02-14 00:57:08.859 [info] > git for-each-ref --format=%(refname)%00%(upstream:short)%00%(objectname)%00%(upstream:track)%00%(upstream:remotename)%00%(upstream:remoteref) refs/heads/main refs/remotes/main [2ms]
2025-02-14 00:57:08.866 [info] > git for-each-ref --sort -committerdate --format %(refname) %(objectname) %(*objectname) [1ms]
2025-02-14 00:57:08.884 [info] > git status -z -uall [23ms]
2025-02-14 00:57:13.918 [info] > git config --get commit.template [4ms]
2025-02-14 00:57:13.919 [info] > git for-each-ref --format=%(refname)%00%(upstream:short)%00%(objectname)%00%(upstream:track)%00%(upstream:remotename)%00%(upstream:remoteref) refs/heads/main refs/remotes/main [2ms]
2025-02-14 00:57:13.927 [info] > git for-each-ref --sort -committerdate --format %(refname) %(objectname) %(*objectname) [1ms]
2025-02-14 00:57:13.944 [info] > git status -z -uall [22ms]
2025-02-14 00:57:18.974 [info] > git config --get commit.template [4ms]
2025-02-14 00:57:18.975 [info] > git for-each-ref --format=%(refname)%00%(upstream:short)%00%(objectname)%00%(upstream:track)%00%(upstream:remotename)%00%(upstream:remoteref) refs/heads/main refs/remotes/main [2ms]
2025-02-14 00:57:18.984 [info] > git for-each-ref --sort -committerdate --format %(refname) %(objectname) %(*objectname) [2ms]
2025-02-14 00:57:19.002 [info] > git status -z -uall [24ms]
2025-02-14 00:57:24.038 [info] > git config --get commit.template [3ms]
2025-02-14 00:57:24.038 [info] > git for-each-ref --format=%(refname)%00%(upstream:short)%00%(objectname)%00%(upstream:track)%00%(upstream:remotename)%00%(upstream:remoteref) refs/heads/main refs/remotes/main [1ms]
2025-02-14 00:57:24.046 [info] > git for-each-ref --sort -committerdate --format %(refname) %(objectname) %(*objectname) [1ms]
2025-02-14 00:57:24.064 [info] > git status -z -uall [23ms]
2025-02-14 00:57:52.433 [info] > git config --get commit.template [4ms]
2025-02-14 00:57:52.433 [info] > git for-each-ref --format=%(refname)%00%(upstream:short)%00%(objectname)%00%(upstream:track)%00%(upstream:remotename)%00%(upstream:remoteref) refs/heads/main refs/remotes/main [1ms]
2025-02-14 00:57:52.441 [info] > git for-each-ref --sort -committerdate --format %(refname) %(objectname) %(*objectname) [1ms]
2025-02-14 00:57:52.458 [info] > git status -z -uall [22ms]
2025-02-14 00:57:57.487 [info] > git config --get commit.template [4ms]
2025-02-14 00:57:57.488 [info] > git for-each-ref --format=%(refname)%00%(upstream:short)%00%(objectname)%00%(upstream:track)%00%(upstream:remotename)%00%(upstream:remoteref) refs/heads/main refs/remotes/main [2ms]
2025-02-14 00:57:57.495 [info] > git for-each-ref --sort -committerdate --format %(refname) %(objectname) %(*objectname) [0ms]
2025-02-14 00:57:57.515 [info] > git status -z -uall [25ms]
2025-02-14 00:58:03.862 [info] > git config --get commit.template [3ms]
2025-02-14 00:58:03.863 [info] > git for-each-ref --format=%(refname)%00%(upstream:short)%00%(objectname)%00%(upstream:track)%00%(upstream:remotename)%00%(upstream:remoteref) refs/heads/main refs/remotes/main [1ms]
2025-02-14 00:58:03.871 [info] > git for-each-ref --sort -committerdate --format %(refname) %(objectname) %(*objectname) [1ms]
2025-02-14 00:58:03.889 [info] > git status -z -uall [23ms]
2025-02-14 00:58:08.922 [info] > git config --get commit.template [3ms]
2025-02-14 00:58:08.923 [info] > git for-each-ref --format=%(refname)%00%(upstream:short)%00%(objectname)%00%(upstream:track)%00%(upstream:remotename)%00%(upstream:remoteref) refs/heads/main refs/remotes/main [1ms]
2025-02-14 00:58:08.931 [info] > git for-each-ref --sort -committerdate --format %(refname) %(objectname) %(*objectname) [1ms]
2025-02-14 00:58:08.948 [info] > git status -z -uall [22ms]
2025-02-14 00:58:17.445 [info] > git config --get commit.template [3ms]
2025-02-14 00:58:17.446 [info] > git for-each-ref --format=%(refname)%00%(upstream:short)%00%(objectname)%00%(upstream:track)%00%(upstream:remotename)%00%(upstream:remoteref) refs/heads/main refs/remotes/main [2ms]
2025-02-14 00:58:17.453 [info] > git for-each-ref --sort -committerdate --format %(refname) %(objectname) %(*objectname) [1ms]
2025-02-14 00:58:17.472 [info] > git status -z -uall [24ms]
2025-02-14 00:58:22.500 [info] > git config --get commit.template [3ms]
2025-02-14 00:58:22.501 [info] > git for-each-ref --format=%(refname)%00%(upstream:short)%00%(objectname)%00%(upstream:track)%00%(upstream:remotename)%00%(upstream:remoteref) refs/heads/main refs/remotes/main [2ms]
2025-02-14 00:58:22.508 [info] > git for-each-ref --sort -committerdate --format %(refname) %(objectname) %(*objectname) [1ms]
2025-02-14 00:58:22.525 [info] > git status -z -uall [22ms]
2025-02-14 00:58:27.554 [info] > git config --get commit.template [4ms]
2025-02-14 00:58:27.555 [info] > git for-each-ref --format=%(refname)%00%(upstream:short)%00%(objectname)%00%(upstream:track)%00%(upstream:remotename)%00%(upstream:remoteref) refs/heads/main refs/remotes/main [2ms]
2025-02-14 00:58:27.563 [info] > git for-each-ref --sort -committerdate --format %(refname) %(objectname) %(*objectname) [0ms]
2025-02-14 00:58:27.580 [info] > git status -z -uall [22ms]
2025-02-14 00:58:32.611 [info] > git config --get commit.template [3ms]
2025-02-14 00:58:32.612 [info] > git for-each-ref --format=%(refname)%00%(upstream:short)%00%(objectname)%00%(upstream:track)%00%(upstream:remotename)%00%(upstream:remoteref) refs/heads/main refs/remotes/main [2ms]
2025-02-14 00:58:32.619 [info] > git for-each-ref --sort -committerdate --format %(refname) %(objectname) %(*objectname) [0ms]
2025-02-14 00:58:32.640 [info] > git status -z -uall [26ms]
2025-02-14 00:59:57.722 [info] > git config --get commit.template [3ms]
2025-02-14 00:59:57.724 [info] > git for-each-ref --format=%(refname)%00%(upstream:short)%00%(objectname)%00%(upstream:track)%00%(upstream:remotename)%00%(upstream:remoteref) refs/heads/main refs/remotes/main [2ms]
2025-02-14 00:59:57.731 [info] > git for-each-ref --sort -committerdate --format %(refname) %(objectname) %(*objectname) [0ms]
2025-02-14 00:59:57.755 [info] > git status -z -uall [29ms]
2025-02-14 01:00:02.784 [info] > git config --get commit.template [3ms]
2025-02-14 01:00:02.784 [info] > git for-each-ref --format=%(refname)%00%(upstream:short)%00%(objectname)%00%(upstream:track)%00%(upstream:remotename)%00%(upstream:remoteref) refs/heads/main refs/remotes/main [1ms]
2025-02-14 01:00:02.792 [info] > git for-each-ref --sort -committerdate --format %(refname) %(objectname) %(*objectname) [1ms]
2025-02-14 01:00:02.810 [info] > git status -z -uall [23ms]
2025-02-14 01:00:07.844 [info] > git config --get commit.template [4ms]
2025-02-14 01:00:07.845 [info] > git for-each-ref --format=%(refname)%00%(upstream:short)%00%(objectname)%00%(upstream:track)%00%(upstream:remotename)%00%(upstream:remoteref) refs/heads/main refs/remotes/main [2ms]
2025-02-14 01:00:07.857 [info] > git for-each-ref --sort -committerdate --format %(refname) %(objectname) %(*objectname) [6ms]
2025-02-14 01:00:07.878 [info] > git status -z -uall [31ms]
2025-02-14 01:00:12.919 [info] > git config --get commit.template [4ms]
2025-02-14 01:00:12.920 [info] > git for-each-ref --format=%(refname)%00%(upstream:short)%00%(objectname)%00%(upstream:track)%00%(upstream:remotename)%00%(upstream:remoteref) refs/heads/main refs/remotes/main [2ms]
2025-02-14 01:00:12.927 [info] > git for-each-ref --sort -committerdate --format %(refname) %(objectname) %(*objectname) [1ms]
2025-02-14 01:00:12.945 [info] > git status -z -uall [23ms]
2025-02-14 01:00:17.975 [info] > git config --get commit.template [3ms]
2025-02-14 01:00:17.976 [info] > git for-each-ref --format=%(refname)%00%(upstream:short)%00%(objectname)%00%(upstream:track)%00%(upstream:remotename)%00%(upstream:remoteref) refs/heads/main refs/remotes/main [1ms]
2025-02-14 01:00:17.983 [info] > git for-each-ref --sort -committerdate --format %(refname) %(objectname) %(*objectname) [1ms]
2025-02-14 01:00:18.002 [info] > git status -z -uall [24ms]
2025-02-14 01:00:23.038 [info] > git config --get commit.template [4ms]
2025-02-14 01:00:23.039 [info] > git for-each-ref --format=%(refname)%00%(upstream:short)%00%(objectname)%00%(upstream:track)%00%(upstream:remotename)%00%(upstream:remoteref) refs/heads/main refs/remotes/main [2ms]
2025-02-14 01:00:23.046 [info] > git for-each-ref --sort -committerdate --format %(refname) %(objectname) %(*objectname) [1ms]
2025-02-14 01:00:23.068 [info] > git status -z -uall [27ms]
2025-02-14 01:01:39.565 [info] > git config --get commit.template [3ms]
2025-02-14 01:01:39.566 [info] > git for-each-ref --format=%(refname)%00%(upstream:short)%00%(objectname)%00%(upstream:track)%00%(upstream:remotename)%00%(upstream:remoteref) refs/heads/main refs/remotes/main [1ms]
2025-02-14 01:01:39.573 [info] > git for-each-ref --sort -committerdate --format %(refname) %(objectname) %(*objectname) [0ms]
2025-02-14 01:01:39.594 [info] > git status -z -uall [25ms]
2025-02-14 01:01:52.641 [info] > git config --get commit.template [3ms]
2025-02-14 01:01:52.643 [info] > git for-each-ref --format=%(refname)%00%(upstream:short)%00%(objectname)%00%(upstream:track)%00%(upstream:remotename)%00%(upstream:remoteref) refs/heads/main refs/remotes/main [1ms]
2025-02-14 01:01:52.649 [info] > git for-each-ref --sort -committerdate --format %(refname) %(objectname) %(*objectname) [0ms]
2025-02-14 01:01:52.667 [info] > git status -z -uall [22ms]
2025-02-14 01:02:02.653 [info] > git config --get commit.template [0ms]
2025-02-14 01:02:02.657 [info] > git for-each-ref --format=%(refname)%00%(upstream:short)%00%(objectname)%00%(upstream:track)%00%(upstream:remotename)%00%(upstream:remoteref) refs/heads/main refs/remotes/main [1ms]
2025-02-14 01:02:02.666 [info] > git for-each-ref --sort -committerdate --format %(refname) %(objectname) %(*objectname) [2ms]
2025-02-14 01:02:02.683 [info] > git status -z -uall [23ms]
2025-02-14 01:02:07.721 [info] > git config --get commit.template [3ms]
2025-02-14 01:02:07.723 [info] > git for-each-ref --format=%(refname)%00%(upstream:short)%00%(objectname)%00%(upstream:track)%00%(upstream:remotename)%00%(upstream:remoteref) refs/heads/main refs/remotes/main [1ms]
2025-02-14 01:02:07.731 [info] > git for-each-ref --sort -committerdate --format %(refname) %(objectname) %(*objectname) [1ms]
2025-02-14 01:02:07.748 [info] > git status -z -uall [22ms]
